# This is the CMakeCache file.
# For build in directory: /Users/bryce/Documents/GitHub/faiss/build-mps
# It was generated by CMake: /Library/Frameworks/Python.framework/Versions/3.13/lib/python3.13/site-packages/cmake/data/bin/cmake
# You can edit this file to change values found and used by cmake.
# If you do not want to change any of the values, simply exit the editor.
# If you do want to change a value, simply edit, save, and exit the editor.
# The syntax for the file is as follows:
# KEY:TYPE=VALUE
# KEY is the name of a variable in the cache.
# TYPE is a hint to GUIs for the type of VALUE, DO NOT EDIT TYPE!.
# VALUE is the current value for the KEY.

########################
# EXTERNAL cache entries
########################

//Build a 32 bit version of the library.
BENCHMARK_BUILD_32_BITS:BOOL=OFF

//Flags used by the C++ compiler during coverage builds.
BENCHMARK_CXX_FLAGS_COVERAGE:STRING=-g

//Allow the downloading and in-tree building of unmet dependencies
BENCHMARK_DOWNLOAD_DEPENDENCIES:BOOL=OFF

//Enable building and running the assembly tests
BENCHMARK_ENABLE_ASSEMBLY_TESTS:BOOL=OFF

//Build documentation with Doxygen.
BENCHMARK_ENABLE_DOXYGEN:BOOL=OFF

//Enable the use of exceptions in the benchmark library.
BENCHMARK_ENABLE_EXCEPTIONS:BOOL=ON

//Enable building the unit tests which depend on gtest
BENCHMARK_ENABLE_GTEST_TESTS:BOOL=ON

//Enable installation of benchmark. (Projects embedding benchmark
// may want to turn this OFF.)
BENCHMARK_ENABLE_INSTALL:BOOL=ON

//Enable performance counters provided by libpfm
BENCHMARK_ENABLE_LIBPFM:BOOL=OFF

//Enable link time optimisation of the benchmark library.
BENCHMARK_ENABLE_LTO:BOOL=OFF

//Build Release candidates with -Werror.
BENCHMARK_ENABLE_WERROR:BOOL=ON

//Flags used for linking binaries during coverage builds.
BENCHMARK_EXE_LINKER_FLAGS_COVERAGE:STRING=

//Build Release candidates with -Werror regardless of compiler
// issues.
BENCHMARK_FORCE_WERROR:BOOL=OFF

//Enable installation of tools.
BENCHMARK_INSTALL_TOOLS:BOOL=ON

//Flags used by the shared libraries linker during coverage builds.
BENCHMARK_SHARED_LINKER_FLAGS_COVERAGE:STRING=

//Use bundled GoogleTest. If disabled, the find_package(GTest)
// will be used.
BENCHMARK_USE_BUNDLED_GTEST:BOOL=ON

//Build and test using libc++ as the standard library.
BENCHMARK_USE_LIBCXX:BOOL=OFF

//Path to a library.
BLAS_Accelerate_LIBRARY:FILEPATH=/Library/Developer/CommandLineTools/SDKs/MacOSX.sdk/System/Library/Frameworks/Accelerate.framework

//Path to a library.
BLAS_acml_LIBRARY:FILEPATH=BLAS_acml_LIBRARY-NOTFOUND

//Path to a library.
BLAS_acml_mp_LIBRARY:FILEPATH=BLAS_acml_mp_LIBRARY-NOTFOUND

//Path to a library.
BLAS_armpl_lp64_LIBRARY:FILEPATH=BLAS_armpl_lp64_LIBRARY-NOTFOUND

//Path to a library.
BLAS_blas_LIBRARY:FILEPATH=/Library/Developer/CommandLineTools/SDKs/MacOSX.sdk/usr/lib/libblas.tbd

//Path to a library.
BLAS_blis_LIBRARY:FILEPATH=BLAS_blis_LIBRARY-NOTFOUND

//Path to a library.
BLAS_complib_sgimath_LIBRARY:FILEPATH=BLAS_complib_sgimath_LIBRARY-NOTFOUND

//Path to a library.
BLAS_cxml_LIBRARY:FILEPATH=BLAS_cxml_LIBRARY-NOTFOUND

//Path to a library.
BLAS_dxml_LIBRARY:FILEPATH=BLAS_dxml_LIBRARY-NOTFOUND

//Path to a library.
BLAS_essl_LIBRARY:FILEPATH=BLAS_essl_LIBRARY-NOTFOUND

//Path to a library.
BLAS_f77blas_LIBRARY:FILEPATH=BLAS_f77blas_LIBRARY-NOTFOUND

//Path to a library.
BLAS_flexiblas_LIBRARY:FILEPATH=BLAS_flexiblas_LIBRARY-NOTFOUND

//Path to a library.
BLAS_goto2_LIBRARY:FILEPATH=BLAS_goto2_LIBRARY-NOTFOUND

//Path to a library.
BLAS_mkl_LIBRARY:FILEPATH=BLAS_mkl_LIBRARY-NOTFOUND

//Path to a library.
BLAS_mkl_em64t_LIBRARY:FILEPATH=BLAS_mkl_em64t_LIBRARY-NOTFOUND

//Path to a library.
BLAS_mkl_ia32_LIBRARY:FILEPATH=BLAS_mkl_ia32_LIBRARY-NOTFOUND

//Path to a library.
BLAS_mkl_intel_LIBRARY:FILEPATH=BLAS_mkl_intel_LIBRARY-NOTFOUND

//Path to a library.
BLAS_mkl_intel_lp64_LIBRARY:FILEPATH=BLAS_mkl_intel_lp64_LIBRARY-NOTFOUND

//Path to a library.
BLAS_mkl_rt_LIBRARY:FILEPATH=BLAS_mkl_rt_LIBRARY-NOTFOUND

//Path to a library.
BLAS_openblas_LIBRARY:FILEPATH=BLAS_openblas_LIBRARY-NOTFOUND

//Path to a library.
BLAS_scs_LIBRARY:FILEPATH=BLAS_scs_LIBRARY-NOTFOUND

//Path to a library.
BLAS_sgemm_LIBRARY:FILEPATH=BLAS_sgemm_LIBRARY-NOTFOUND

//Path to a library.
BLAS_sunperf_LIBRARY:FILEPATH=BLAS_sunperf_LIBRARY-NOTFOUND

//Builds the googlemock subproject
BUILD_GMOCK:BOOL=

//Build the testing tree.
BUILD_TESTING:BOOL=ON

//Path to a program.
CMAKE_ADDR2LINE:FILEPATH=CMAKE_ADDR2LINE-NOTFOUND

//Path to a program.
CMAKE_AR:FILEPATH=/usr/bin/ar

//Choose the type of build, options are: None Debug Release RelWithDebInfo
// MinSizeRel ...
CMAKE_BUILD_TYPE:STRING=

//Enable/Disable color output during build.
CMAKE_COLOR_MAKEFILE:BOOL=ON

//CXX compiler
CMAKE_CXX_COMPILER:FILEPATH=/usr/bin/c++

//Flags used by the CXX compiler during all build types.
CMAKE_CXX_FLAGS:STRING=

//Flags used by the CXX compiler during DEBUG builds.
CMAKE_CXX_FLAGS_DEBUG:STRING=-g

//Flags used by the CXX compiler during MINSIZEREL builds.
CMAKE_CXX_FLAGS_MINSIZEREL:STRING=-Os -DNDEBUG

//Flags used by the CXX compiler during RELEASE builds.
CMAKE_CXX_FLAGS_RELEASE:STRING=-O3 -DNDEBUG

//Flags used by the CXX compiler during RELWITHDEBINFO builds.
CMAKE_CXX_FLAGS_RELWITHDEBINFO:STRING=-O2 -g -DNDEBUG

//C compiler
CMAKE_C_COMPILER:FILEPATH=/usr/bin/cc

//Flags used by the C compiler during all build types.
CMAKE_C_FLAGS:STRING=

//Flags used by the C compiler during DEBUG builds.
CMAKE_C_FLAGS_DEBUG:STRING=-g

//Flags used by the C compiler during MINSIZEREL builds.
CMAKE_C_FLAGS_MINSIZEREL:STRING=-Os -DNDEBUG

//Flags used by the C compiler during RELEASE builds.
CMAKE_C_FLAGS_RELEASE:STRING=-O3 -DNDEBUG

//Flags used by the C compiler during RELWITHDEBINFO builds.
CMAKE_C_FLAGS_RELWITHDEBINFO:STRING=-O2 -g -DNDEBUG

//Path to a program.
CMAKE_DLLTOOL:FILEPATH=CMAKE_DLLTOOL-NOTFOUND

//Flags used by the linker during all build types.
CMAKE_EXE_LINKER_FLAGS:STRING=

//Flags used by the linker during DEBUG builds.
CMAKE_EXE_LINKER_FLAGS_DEBUG:STRING=

//Flags used by the linker during MINSIZEREL builds.
CMAKE_EXE_LINKER_FLAGS_MINSIZEREL:STRING=

//Flags used by the linker during RELEASE builds.
CMAKE_EXE_LINKER_FLAGS_RELEASE:STRING=

//Flags used by the linker during RELWITHDEBINFO builds.
CMAKE_EXE_LINKER_FLAGS_RELWITHDEBINFO:STRING=

//Enable/Disable output of compile commands during generation.
CMAKE_EXPORT_COMPILE_COMMANDS:BOOL=

//Value Computed by CMake.
CMAKE_FIND_PACKAGE_REDIRECTS_DIR:STATIC=/Users/bryce/Documents/GitHub/faiss/build-mps/CMakeFiles/pkgRedirects

//User executables (bin)
CMAKE_INSTALL_BINDIR:PATH=bin

//Read-only architecture-independent data (DATAROOTDIR)
CMAKE_INSTALL_DATADIR:PATH=

//Read-only architecture-independent data root (share)
CMAKE_INSTALL_DATAROOTDIR:PATH=share

//Documentation root (DATAROOTDIR/doc/PROJECT_NAME)
CMAKE_INSTALL_DOCDIR:PATH=

//C header files (include)
CMAKE_INSTALL_INCLUDEDIR:PATH=include

//Info documentation (DATAROOTDIR/info)
CMAKE_INSTALL_INFODIR:PATH=

//Object code libraries (lib)
CMAKE_INSTALL_LIBDIR:PATH=lib

//Program executables (libexec)
CMAKE_INSTALL_LIBEXECDIR:PATH=libexec

//Locale-dependent data (DATAROOTDIR/locale)
CMAKE_INSTALL_LOCALEDIR:PATH=

//Modifiable single-machine data (var)
CMAKE_INSTALL_LOCALSTATEDIR:PATH=var

//Man documentation (DATAROOTDIR/man)
CMAKE_INSTALL_MANDIR:PATH=

//Path to a program.
CMAKE_INSTALL_NAME_TOOL:FILEPATH=/usr/bin/install_name_tool

//C header files for non-gcc (/usr/include)
CMAKE_INSTALL_OLDINCLUDEDIR:PATH=/usr/include

//Install path prefix, prepended onto install directories.
CMAKE_INSTALL_PREFIX:PATH=/usr/local

CMAKE_INSTALL_PYTOOLSDIR:PATH=share/googlebenchmark/tools

//Run-time variable data (LOCALSTATEDIR/run)
CMAKE_INSTALL_RUNSTATEDIR:PATH=

//System admin executables (sbin)
CMAKE_INSTALL_SBINDIR:PATH=sbin

//Modifiable architecture-independent data (com)
CMAKE_INSTALL_SHAREDSTATEDIR:PATH=com

//Read-only single-machine data (etc)
CMAKE_INSTALL_SYSCONFDIR:PATH=etc

//Path to a program.
CMAKE_LINKER:FILEPATH=/usr/bin/ld

//Path to a program.
CMAKE_MAKE_PROGRAM:FILEPATH=/opt/local/bin/gmake

//Flags used by the linker during the creation of modules during
// all build types.
CMAKE_MODULE_LINKER_FLAGS:STRING=

//Flags used by the linker during the creation of modules during
// DEBUG builds.
CMAKE_MODULE_LINKER_FLAGS_DEBUG:STRING=

//Flags used by the linker during the creation of modules during
// MINSIZEREL builds.
CMAKE_MODULE_LINKER_FLAGS_MINSIZEREL:STRING=

//Flags used by the linker during the creation of modules during
// RELEASE builds.
CMAKE_MODULE_LINKER_FLAGS_RELEASE:STRING=

//Flags used by the linker during the creation of modules during
// RELWITHDEBINFO builds.
CMAKE_MODULE_LINKER_FLAGS_RELWITHDEBINFO:STRING=

//Path to a program.
CMAKE_NM:FILEPATH=/usr/bin/nm

//Path to a program.
CMAKE_OBJCOPY:FILEPATH=CMAKE_OBJCOPY-NOTFOUND

//OBJCXX compiler
CMAKE_OBJCXX_COMPILER:FILEPATH=/usr/bin/clang++

//Flags used by the Objective-C++ compiler during all build types.
CMAKE_OBJCXX_FLAGS:STRING=

//Flags used by the Objective-C++ compiler during DEBUG builds.
CMAKE_OBJCXX_FLAGS_DEBUG:STRING=-g

//Flags used by the Objective-C++ compiler during MINSIZEREL builds.
CMAKE_OBJCXX_FLAGS_MINSIZEREL:STRING=-Os -DNDEBUG

//Flags used by the Objective-C++ compiler during RELEASE builds.
CMAKE_OBJCXX_FLAGS_RELEASE:STRING=-O3 -DNDEBUG

//Flags used by the Objective-C++ compiler during RELWITHDEBINFO
// builds.
CMAKE_OBJCXX_FLAGS_RELWITHDEBINFO:STRING=-O2 -g -DNDEBUG

//Path to a program.
CMAKE_OBJDUMP:FILEPATH=/usr/bin/objdump

//Build architectures for OSX
CMAKE_OSX_ARCHITECTURES:STRING=

//Minimum OS X version to target for deployment (at runtime); newer
// APIs weak linked. Set to empty string for default value.
CMAKE_OSX_DEPLOYMENT_TARGET:STRING=

//The product will be built against the headers and libraries located
// inside the indicated SDK.
CMAKE_OSX_SYSROOT:STRING=

//Value Computed by CMake
CMAKE_PROJECT_COMPAT_VERSION:STATIC=

//Value Computed by CMake
CMAKE_PROJECT_DESCRIPTION:STATIC=A library for efficient similarity search and clustering of dense vectors.

//Value Computed by CMake
CMAKE_PROJECT_HOMEPAGE_URL:STATIC=https://github.com/facebookresearch/faiss

//Value Computed by CMake
CMAKE_PROJECT_NAME:STATIC=faiss

//Value Computed by CMake
CMAKE_PROJECT_SPDX_LICENSE:STATIC=

//Value Computed by CMake
CMAKE_PROJECT_VERSION:STATIC=1.13.2

//Value Computed by CMake
CMAKE_PROJECT_VERSION_MAJOR:STATIC=1

//Value Computed by CMake
CMAKE_PROJECT_VERSION_MINOR:STATIC=13

//Value Computed by CMake
CMAKE_PROJECT_VERSION_PATCH:STATIC=2

//Value Computed by CMake
CMAKE_PROJECT_VERSION_TWEAK:STATIC=

//Path to a program.
CMAKE_RANLIB:FILEPATH=/usr/bin/ranlib

//Path to a program.
CMAKE_READELF:FILEPATH=CMAKE_READELF-NOTFOUND

//Flags used by the linker during the creation of shared libraries
// during all build types.
CMAKE_SHARED_LINKER_FLAGS:STRING=

//Flags used by the linker during the creation of shared libraries
// during DEBUG builds.
CMAKE_SHARED_LINKER_FLAGS_DEBUG:STRING=

//Flags used by the linker during the creation of shared libraries
// during MINSIZEREL builds.
CMAKE_SHARED_LINKER_FLAGS_MINSIZEREL:STRING=

//Flags used by the linker during the creation of shared libraries
// during RELEASE builds.
CMAKE_SHARED_LINKER_FLAGS_RELEASE:STRING=

//Flags used by the linker during the creation of shared libraries
// during RELWITHDEBINFO builds.
CMAKE_SHARED_LINKER_FLAGS_RELWITHDEBINFO:STRING=

//If set, runtime paths are not added when installing shared libraries,
// but are added when building.
CMAKE_SKIP_INSTALL_RPATH:BOOL=NO

//If set, runtime paths are not added when using shared libraries.
CMAKE_SKIP_RPATH:BOOL=NO

//Flags used by the archiver during the creation of static libraries
// during all build types.
CMAKE_STATIC_LINKER_FLAGS:STRING=

//Flags used by the archiver during the creation of static libraries
// during DEBUG builds.
CMAKE_STATIC_LINKER_FLAGS_DEBUG:STRING=

//Flags used by the archiver during the creation of static libraries
// during MINSIZEREL builds.
CMAKE_STATIC_LINKER_FLAGS_MINSIZEREL:STRING=

//Flags used by the archiver during the creation of static libraries
// during RELEASE builds.
CMAKE_STATIC_LINKER_FLAGS_RELEASE:STRING=

//Flags used by the archiver during the creation of static libraries
// during RELWITHDEBINFO builds.
CMAKE_STATIC_LINKER_FLAGS_RELWITHDEBINFO:STRING=

//Path to a program.
CMAKE_STRIP:FILEPATH=/usr/bin/strip

//Path to a program.
CMAKE_TAPI:FILEPATH=/Library/Developer/CommandLineTools/usr/bin/tapi

//If this value is on, makefiles will be generated without the
// .SILENT directive, and all commands will be echoed to the console
// during the make.  This is useful for debugging only. With Visual
// Studio IDE projects all commands are done without /nologo.
CMAKE_VERBOSE_MAKEFILE:BOOL=FALSE

//Path to the coverage program that CTest uses for performing coverage
// inspection
COVERAGE_COMMAND:FILEPATH=/usr/bin/gcov

//Extra command line flags to pass to the coverage tool
COVERAGE_EXTRA_FLAGS:STRING=-l

//How many times to retry timed-out CTest submissions.
CTEST_SUBMIT_RETRY_COUNT:STRING=3

//How long to wait between timed-out CTest submissions.
CTEST_SUBMIT_RETRY_DELAY:STRING=5

//OFF
CXXFEATURECHECK_DEBUG:BOOL=OFF

//Maximum time allowed before CTest will kill the test.
DART_TESTING_TIMEOUT:STRING=1500

//Enable cuVS for GPU indexes.
FAISS_ENABLE_CUVS:BOOL=OFF

//Build C API.
FAISS_ENABLE_C_API:BOOL=OFF

//Build extras like benchmarks and demos
FAISS_ENABLE_EXTRAS:BOOL=ON

//Enable support for GPU indexes.
FAISS_ENABLE_GPU:BOOL=ON

//Enable MKL.
FAISS_ENABLE_MKL:BOOL=ON

//Enable Apple Silicon MPS backend.
FAISS_ENABLE_MPS:BOOL=ON

//Build Python extension.
FAISS_ENABLE_PYTHON:BOOL=OFF

//Enable ROCm for GPU indexes.
FAISS_ENABLE_ROCM:BOOL=OFF

//Enable SVS (Intel(R) Scalable Vector Search) integration.
FAISS_ENABLE_SVS:BOOL=OFF

//Link GPU libraries statically.
FAISS_GPU_STATIC:BOOL=OFF

FAISS_OPT_LEVEL:BOOL=OFF

//Version of the SVS runtime API to use
FAISS_SVS_RUNTIME_VERSION:STRING=v0

//Enable Link-Time optimization
FAISS_USE_LTO:BOOL=OFF

//Directory under which to collect all populated content
FETCHCONTENT_BASE_DIR:PATH=/Users/bryce/Documents/GitHub/faiss/build-mps/_deps

//Disables all attempts to download or update content and assumes
// source dirs already exist
FETCHCONTENT_FULLY_DISCONNECTED:BOOL=OFF

//Enables QUIET option for all content population
FETCHCONTENT_QUIET:BOOL=ON

//When not empty, overrides where to find pre-populated content
// for googlebenchmark
FETCHCONTENT_SOURCE_DIR_GOOGLEBENCHMARK:PATH=

//When not empty, overrides where to find pre-populated content
// for googletest
FETCHCONTENT_SOURCE_DIR_GOOGLETEST:PATH=

//Enables UPDATE_DISCONNECTED behavior for all content population
FETCHCONTENT_UPDATES_DISCONNECTED:BOOL=OFF

//Enables UPDATE_DISCONNECTED behavior just for population of googlebenchmark
FETCHCONTENT_UPDATES_DISCONNECTED_GOOGLEBENCHMARK:BOOL=OFF

//Enables UPDATE_DISCONNECTED behavior just for population of googletest
FETCHCONTENT_UPDATES_DISCONNECTED_GOOGLETEST:BOOL=OFF

//Path to a library.
FOUNDATION_FRAMEWORK:FILEPATH=/Library/Developer/CommandLineTools/SDKs/MacOSX.sdk/System/Library/Frameworks/Foundation.framework

//Path to a program.
GITCOMMAND:FILEPATH=/opt/homebrew/bin/git

//Git command line client
GIT_EXECUTABLE:FILEPATH=/opt/homebrew/bin/git

//The directory containing a CMake configuration file for GTest.
GTest_DIR:PATH=/Users/bryce/Documents/GitHub/faiss/build-mps/CMakeFiles/pkgRedirects

HAVE_PTHREAD_AFFINITY:BOOL=FALSE

HAVE_STD_REGEX:BOOL=TRUE

HAVE_STEADY_CLOCK:BOOL=TRUE

HAVE_THREAD_SAFETY_ATTRIBUTES:BOOL=TRUE

//Enable installation of googletest. (Projects embedding googletest
// may want to turn this OFF.)
INSTALL_GTEST:BOOL=

//Command to build the project
MAKECOMMAND:STRING=/Library/Frameworks/Python.framework/Versions/3.13/lib/python3.13/site-packages/cmake/data/bin/cmake --build . --config "${CTEST_CONFIGURATION_TYPE}"

//Path to the memory checking command, used for memory error detection.
MEMORYCHECK_COMMAND:FILEPATH=MEMORYCHECK_COMMAND-NOTFOUND

//File that contains suppressions for the memory checker
MEMORYCHECK_SUPPRESSIONS_FILE:FILEPATH=

//Path to a library.
METAL_FRAMEWORK:FILEPATH=/Library/Developer/CommandLineTools/SDKs/MacOSX.sdk/System/Library/Frameworks/Metal.framework

//Path to a library.
MPSGRAPH_FRAMEWORK:FILEPATH=/Library/Developer/CommandLineTools/SDKs/MacOSX.sdk/System/Library/Frameworks/MetalPerformanceShadersGraph.framework

//Path to a library.
MPS_FRAMEWORK:FILEPATH=/Library/Developer/CommandLineTools/SDKs/MacOSX.sdk/System/Library/Frameworks/MetalPerformanceShaders.framework

//No help, variable specified on the command line.
OpenMP_CXX_FLAGS:UNINITIALIZED=-Xpreprocessor -fopenmp -I/opt/homebrew/opt/libomp/include

//No help, variable specified on the command line.
OpenMP_CXX_LIB_NAMES:UNINITIALIZED=omp

//No help, variable specified on the command line.
OpenMP_C_FLAGS:UNINITIALIZED=-Xpreprocessor -fopenmp -I/opt/homebrew/opt/libomp/include

//No help, variable specified on the command line.
OpenMP_C_LIB_NAMES:UNINITIALIZED=omp

//Path to a library.
OpenMP_libomp_LIBRARY:FILEPATH=OpenMP_libomp_LIBRARY-NOTFOUND

//No help, variable specified on the command line.
OpenMP_omp_LIBRARY:UNINITIALIZED=/opt/homebrew/opt/libomp/lib/libomp.dylib

//Name of the computer/site where compile is being run
SITE:STRING=MacBook-Pro.local

//Value Computed by CMake
benchmark_BINARY_DIR:STATIC=/Users/bryce/Documents/GitHub/faiss/build-mps/_deps/googlebenchmark-build

//Value Computed by CMake
benchmark_IS_TOP_LEVEL:STATIC=OFF

//Value Computed by CMake
benchmark_SOURCE_DIR:STATIC=/Users/bryce/Documents/GitHub/faiss/build-mps/_deps/googlebenchmark-src

//Value Computed by CMake
faiss_BINARY_DIR:STATIC=/Users/bryce/Documents/GitHub/faiss/build-mps

//Value Computed by CMake
faiss_IS_TOP_LEVEL:STATIC=ON

//Value Computed by CMake
faiss_SOURCE_DIR:STATIC=/Users/bryce/Documents/GitHub/faiss

//Value Computed by CMake
faiss_perf_tests_BINARY_DIR:STATIC=/Users/bryce/Documents/GitHub/faiss/build-mps/perf_tests

//Value Computed by CMake
faiss_perf_tests_IS_TOP_LEVEL:STATIC=OFF

//Value Computed by CMake
faiss_perf_tests_SOURCE_DIR:STATIC=/Users/bryce/Documents/GitHub/faiss/perf_tests

//The directory containing a CMake configuration file for gflags.
gflags_DIR:PATH=/opt/homebrew/lib/cmake/gflags

//Value Computed by CMake
googletest-distribution_BINARY_DIR:STATIC=/Users/bryce/Documents/GitHub/faiss/build-mps/_deps/googletest-build

//Value Computed by CMake
googletest-distribution_IS_TOP_LEVEL:STATIC=OFF

//Value Computed by CMake
googletest-distribution_SOURCE_DIR:STATIC=/Users/bryce/Documents/GitHub/faiss/build-mps/_deps/googletest-src

//The directory containing a CMake configuration file for googletest.
googletest_DIR:PATH=/Users/bryce/Documents/GitHub/faiss/build-mps/CMakeFiles/pkgRedirects

//Value Computed by CMake
gtest_BINARY_DIR:STATIC=/Users/bryce/Documents/GitHub/faiss/build-mps/_deps/googletest-build/googletest

//Value Computed by CMake
gtest_IS_TOP_LEVEL:STATIC=OFF

//Value Computed by CMake
gtest_SOURCE_DIR:STATIC=/Users/bryce/Documents/GitHub/faiss/build-mps/_deps/googletest-src/googletest

//Build gtest's sample programs.
gtest_build_samples:BOOL=OFF

//Build all of gtest's own tests.
gtest_build_tests:BOOL=OFF

//Disable uses of pthreads in gtest.
gtest_disable_pthreads:BOOL=OFF

//Use shared (DLL) run-time lib even when Google Test is built
// as static lib.
gtest_force_shared_crt:BOOL=OFF

//Build gtest with internal symbols hidden in shared libraries.
gtest_hide_internal_symbols:BOOL=OFF

//Dependencies for the target
gtest_main_LIB_DEPENDS:STATIC=general;gtest;


########################
# INTERNAL cache entries
########################

//ADVANCED property for variable: BENCHMARK_CXX_FLAGS_COVERAGE
BENCHMARK_CXX_FLAGS_COVERAGE-ADVANCED:INTERNAL=1
//ADVANCED property for variable: BENCHMARK_EXE_LINKER_FLAGS_COVERAGE
BENCHMARK_EXE_LINKER_FLAGS_COVERAGE-ADVANCED:INTERNAL=1
//ADVANCED property for variable: BENCHMARK_SHARED_LINKER_FLAGS_COVERAGE
BENCHMARK_SHARED_LINKER_FLAGS_COVERAGE-ADVANCED:INTERNAL=1
//ADVANCED property for variable: BLAS_Accelerate_LIBRARY
BLAS_Accelerate_LIBRARY-ADVANCED:INTERNAL=1
//Have function dgemm_
BLAS_Accelerate_WORKS:INTERNAL=1
//Have function sgemm_
BLAS_WORKS:INTERNAL=
//ADVANCED property for variable: BLAS_acml_LIBRARY
BLAS_acml_LIBRARY-ADVANCED:INTERNAL=1
//ADVANCED property for variable: BLAS_acml_mp_LIBRARY
BLAS_acml_mp_LIBRARY-ADVANCED:INTERNAL=1
//ADVANCED property for variable: BLAS_armpl_lp64_LIBRARY
BLAS_armpl_lp64_LIBRARY-ADVANCED:INTERNAL=1
//ADVANCED property for variable: BLAS_blas_LIBRARY
BLAS_blas_LIBRARY-ADVANCED:INTERNAL=1
//ADVANCED property for variable: BLAS_blis_LIBRARY
BLAS_blis_LIBRARY-ADVANCED:INTERNAL=1
//ADVANCED property for variable: BLAS_complib_sgimath_LIBRARY
BLAS_complib_sgimath_LIBRARY-ADVANCED:INTERNAL=1
//ADVANCED property for variable: BLAS_cxml_LIBRARY
BLAS_cxml_LIBRARY-ADVANCED:INTERNAL=1
//ADVANCED property for variable: BLAS_dxml_LIBRARY
BLAS_dxml_LIBRARY-ADVANCED:INTERNAL=1
//ADVANCED property for variable: BLAS_essl_LIBRARY
BLAS_essl_LIBRARY-ADVANCED:INTERNAL=1
//ADVANCED property for variable: BLAS_f77blas_LIBRARY
BLAS_f77blas_LIBRARY-ADVANCED:INTERNAL=1
//ADVANCED property for variable: BLAS_flexiblas_LIBRARY
BLAS_flexiblas_LIBRARY-ADVANCED:INTERNAL=1
//ADVANCED property for variable: BLAS_goto2_LIBRARY
BLAS_goto2_LIBRARY-ADVANCED:INTERNAL=1
//ADVANCED property for variable: BLAS_mkl_LIBRARY
BLAS_mkl_LIBRARY-ADVANCED:INTERNAL=1
//ADVANCED property for variable: BLAS_mkl_em64t_LIBRARY
BLAS_mkl_em64t_LIBRARY-ADVANCED:INTERNAL=1
//ADVANCED property for variable: BLAS_mkl_ia32_LIBRARY
BLAS_mkl_ia32_LIBRARY-ADVANCED:INTERNAL=1
//ADVANCED property for variable: BLAS_mkl_intel_LIBRARY
BLAS_mkl_intel_LIBRARY-ADVANCED:INTERNAL=1
//ADVANCED property for variable: BLAS_mkl_intel_lp64_LIBRARY
BLAS_mkl_intel_lp64_LIBRARY-ADVANCED:INTERNAL=1
//ADVANCED property for variable: BLAS_mkl_rt_LIBRARY
BLAS_mkl_rt_LIBRARY-ADVANCED:INTERNAL=1
//ADVANCED property for variable: BLAS_openblas_LIBRARY
BLAS_openblas_LIBRARY-ADVANCED:INTERNAL=1
//ADVANCED property for variable: BLAS_scs_LIBRARY
BLAS_scs_LIBRARY-ADVANCED:INTERNAL=1
//ADVANCED property for variable: BLAS_sgemm_LIBRARY
BLAS_sgemm_LIBRARY-ADVANCED:INTERNAL=1
//ADVANCED property for variable: BLAS_sunperf_LIBRARY
BLAS_sunperf_LIBRARY-ADVANCED:INTERNAL=1
//ADVANCED property for variable: CMAKE_ADDR2LINE
CMAKE_ADDR2LINE-ADVANCED:INTERNAL=1
//ADVANCED property for variable: CMAKE_AR
CMAKE_AR-ADVANCED:INTERNAL=1
//This is the directory where this CMakeCache.txt was created
CMAKE_CACHEFILE_DIR:INTERNAL=/Users/bryce/Documents/GitHub/faiss/build-mps
//Major version of cmake used to create the current loaded cache
CMAKE_CACHE_MAJOR_VERSION:INTERNAL=4
//Minor version of cmake used to create the current loaded cache
CMAKE_CACHE_MINOR_VERSION:INTERNAL=2
//Patch version of cmake used to create the current loaded cache
CMAKE_CACHE_PATCH_VERSION:INTERNAL=0
//ADVANCED property for variable: CMAKE_COLOR_MAKEFILE
CMAKE_COLOR_MAKEFILE-ADVANCED:INTERNAL=1
//Path to CMake executable.
CMAKE_COMMAND:INTERNAL=/Library/Frameworks/Python.framework/Versions/3.13/lib/python3.13/site-packages/cmake/data/bin/cmake
//Path to cpack program executable.
CMAKE_CPACK_COMMAND:INTERNAL=/Library/Frameworks/Python.framework/Versions/3.13/lib/python3.13/site-packages/cmake/data/bin/cpack
//ADVANCED property for variable: CMAKE_CTEST_COMMAND
CMAKE_CTEST_COMMAND-ADVANCED:INTERNAL=1
//Path to ctest program executable.
CMAKE_CTEST_COMMAND:INTERNAL=/Library/Frameworks/Python.framework/Versions/3.13/lib/python3.13/site-packages/cmake/data/bin/ctest
//ADVANCED property for variable: CMAKE_CXX_COMPILER
CMAKE_CXX_COMPILER-ADVANCED:INTERNAL=1
//ADVANCED property for variable: CMAKE_CXX_FLAGS
CMAKE_CXX_FLAGS-ADVANCED:INTERNAL=1
//ADVANCED property for variable: CMAKE_CXX_FLAGS_DEBUG
CMAKE_CXX_FLAGS_DEBUG-ADVANCED:INTERNAL=1
//ADVANCED property for variable: CMAKE_CXX_FLAGS_MINSIZEREL
CMAKE_CXX_FLAGS_MINSIZEREL-ADVANCED:INTERNAL=1
//ADVANCED property for variable: CMAKE_CXX_FLAGS_RELEASE
CMAKE_CXX_FLAGS_RELEASE-ADVANCED:INTERNAL=1
//ADVANCED property for variable: CMAKE_CXX_FLAGS_RELWITHDEBINFO
CMAKE_CXX_FLAGS_RELWITHDEBINFO-ADVANCED:INTERNAL=1
//ADVANCED property for variable: CMAKE_C_COMPILER
CMAKE_C_COMPILER-ADVANCED:INTERNAL=1
//ADVANCED property for variable: CMAKE_C_FLAGS
CMAKE_C_FLAGS-ADVANCED:INTERNAL=1
//ADVANCED property for variable: CMAKE_C_FLAGS_DEBUG
CMAKE_C_FLAGS_DEBUG-ADVANCED:INTERNAL=1
//ADVANCED property for variable: CMAKE_C_FLAGS_MINSIZEREL
CMAKE_C_FLAGS_MINSIZEREL-ADVANCED:INTERNAL=1
//ADVANCED property for variable: CMAKE_C_FLAGS_RELEASE
CMAKE_C_FLAGS_RELEASE-ADVANCED:INTERNAL=1
//ADVANCED property for variable: CMAKE_C_FLAGS_RELWITHDEBINFO
CMAKE_C_FLAGS_RELWITHDEBINFO-ADVANCED:INTERNAL=1
//ADVANCED property for variable: CMAKE_DLLTOOL
CMAKE_DLLTOOL-ADVANCED:INTERNAL=1
//Path to cache edit program executable.
CMAKE_EDIT_COMMAND:INTERNAL=/Library/Frameworks/Python.framework/Versions/3.13/lib/python3.13/site-packages/cmake/data/bin/ccmake
//Executable file format
CMAKE_EXECUTABLE_FORMAT:INTERNAL=MACHO
//ADVANCED property for variable: CMAKE_EXE_LINKER_FLAGS
CMAKE_EXE_LINKER_FLAGS-ADVANCED:INTERNAL=1
//ADVANCED property for variable: CMAKE_EXE_LINKER_FLAGS_DEBUG
CMAKE_EXE_LINKER_FLAGS_DEBUG-ADVANCED:INTERNAL=1
//ADVANCED property for variable: CMAKE_EXE_LINKER_FLAGS_MINSIZEREL
CMAKE_EXE_LINKER_FLAGS_MINSIZEREL-ADVANCED:INTERNAL=1
//ADVANCED property for variable: CMAKE_EXE_LINKER_FLAGS_RELEASE
CMAKE_EXE_LINKER_FLAGS_RELEASE-ADVANCED:INTERNAL=1
//ADVANCED property for variable: CMAKE_EXE_LINKER_FLAGS_RELWITHDEBINFO
CMAKE_EXE_LINKER_FLAGS_RELWITHDEBINFO-ADVANCED:INTERNAL=1
//ADVANCED property for variable: CMAKE_EXPORT_COMPILE_COMMANDS
CMAKE_EXPORT_COMPILE_COMMANDS-ADVANCED:INTERNAL=1
//Name of external makefile project generator.
CMAKE_EXTRA_GENERATOR:INTERNAL=
//Name of generator.
CMAKE_GENERATOR:INTERNAL=Unix Makefiles
//Generator instance identifier.
CMAKE_GENERATOR_INSTANCE:INTERNAL=
//Name of generator platform.
CMAKE_GENERATOR_PLATFORM:INTERNAL=
//Name of generator toolset.
CMAKE_GENERATOR_TOOLSET:INTERNAL=
//Test CMAKE_HAVE_LIBC_PTHREAD
CMAKE_HAVE_LIBC_PTHREAD:INTERNAL=1
//Source directory with the top level CMakeLists.txt file for this
// project
CMAKE_HOME_DIRECTORY:INTERNAL=/Users/bryce/Documents/GitHub/faiss
//ADVANCED property for variable: CMAKE_INSTALL_BINDIR
CMAKE_INSTALL_BINDIR-ADVANCED:INTERNAL=1
//ADVANCED property for variable: CMAKE_INSTALL_DATADIR
CMAKE_INSTALL_DATADIR-ADVANCED:INTERNAL=1
//ADVANCED property for variable: CMAKE_INSTALL_DATAROOTDIR
CMAKE_INSTALL_DATAROOTDIR-ADVANCED:INTERNAL=1
//ADVANCED property for variable: CMAKE_INSTALL_DOCDIR
CMAKE_INSTALL_DOCDIR-ADVANCED:INTERNAL=1
//ADVANCED property for variable: CMAKE_INSTALL_INCLUDEDIR
CMAKE_INSTALL_INCLUDEDIR-ADVANCED:INTERNAL=1
//ADVANCED property for variable: CMAKE_INSTALL_INFODIR
CMAKE_INSTALL_INFODIR-ADVANCED:INTERNAL=1
//ADVANCED property for variable: CMAKE_INSTALL_LIBDIR
CMAKE_INSTALL_LIBDIR-ADVANCED:INTERNAL=1
//ADVANCED property for variable: CMAKE_INSTALL_LIBEXECDIR
CMAKE_INSTALL_LIBEXECDIR-ADVANCED:INTERNAL=1
//ADVANCED property for variable: CMAKE_INSTALL_LOCALEDIR
CMAKE_INSTALL_LOCALEDIR-ADVANCED:INTERNAL=1
//ADVANCED property for variable: CMAKE_INSTALL_LOCALSTATEDIR
CMAKE_INSTALL_LOCALSTATEDIR-ADVANCED:INTERNAL=1
//ADVANCED property for variable: CMAKE_INSTALL_MANDIR
CMAKE_INSTALL_MANDIR-ADVANCED:INTERNAL=1
//ADVANCED property for variable: CMAKE_INSTALL_NAME_TOOL
CMAKE_INSTALL_NAME_TOOL-ADVANCED:INTERNAL=1
//ADVANCED property for variable: CMAKE_INSTALL_OLDINCLUDEDIR
CMAKE_INSTALL_OLDINCLUDEDIR-ADVANCED:INTERNAL=1
//ADVANCED property for variable: CMAKE_INSTALL_RUNSTATEDIR
CMAKE_INSTALL_RUNSTATEDIR-ADVANCED:INTERNAL=1
//ADVANCED property for variable: CMAKE_INSTALL_SBINDIR
CMAKE_INSTALL_SBINDIR-ADVANCED:INTERNAL=1
//ADVANCED property for variable: CMAKE_INSTALL_SHAREDSTATEDIR
CMAKE_INSTALL_SHAREDSTATEDIR-ADVANCED:INTERNAL=1
//ADVANCED property for variable: CMAKE_INSTALL_SYSCONFDIR
CMAKE_INSTALL_SYSCONFDIR-ADVANCED:INTERNAL=1
//ADVANCED property for variable: CMAKE_LINKER
CMAKE_LINKER-ADVANCED:INTERNAL=1
//Name of CMakeLists files to read
CMAKE_LIST_FILE_NAME:INTERNAL=CMakeLists.txt
//ADVANCED property for variable: CMAKE_MAKE_PROGRAM
CMAKE_MAKE_PROGRAM-ADVANCED:INTERNAL=1
//ADVANCED property for variable: CMAKE_MODULE_LINKER_FLAGS
CMAKE_MODULE_LINKER_FLAGS-ADVANCED:INTERNAL=1
//ADVANCED property for variable: CMAKE_MODULE_LINKER_FLAGS_DEBUG
CMAKE_MODULE_LINKER_FLAGS_DEBUG-ADVANCED:INTERNAL=1
//ADVANCED property for variable: CMAKE_MODULE_LINKER_FLAGS_MINSIZEREL
CMAKE_MODULE_LINKER_FLAGS_MINSIZEREL-ADVANCED:INTERNAL=1
//ADVANCED property for variable: CMAKE_MODULE_LINKER_FLAGS_RELEASE
CMAKE_MODULE_LINKER_FLAGS_RELEASE-ADVANCED:INTERNAL=1
//ADVANCED property for variable: CMAKE_MODULE_LINKER_FLAGS_RELWITHDEBINFO
CMAKE_MODULE_LINKER_FLAGS_RELWITHDEBINFO-ADVANCED:INTERNAL=1
//ADVANCED property for variable: CMAKE_NM
CMAKE_NM-ADVANCED:INTERNAL=1
//number of local generators
CMAKE_NUMBER_OF_MAKEFILES:INTERNAL=13
//ADVANCED property for variable: CMAKE_OBJCOPY
CMAKE_OBJCOPY-ADVANCED:INTERNAL=1
//ADVANCED property for variable: CMAKE_OBJCXX_COMPILER
CMAKE_OBJCXX_COMPILER-ADVANCED:INTERNAL=1
//ADVANCED property for variable: CMAKE_OBJCXX_FLAGS
CMAKE_OBJCXX_FLAGS-ADVANCED:INTERNAL=1
//ADVANCED property for variable: CMAKE_OBJCXX_FLAGS_DEBUG
CMAKE_OBJCXX_FLAGS_DEBUG-ADVANCED:INTERNAL=1
//ADVANCED property for variable: CMAKE_OBJCXX_FLAGS_MINSIZEREL
CMAKE_OBJCXX_FLAGS_MINSIZEREL-ADVANCED:INTERNAL=1
//ADVANCED property for variable: CMAKE_OBJCXX_FLAGS_RELEASE
CMAKE_OBJCXX_FLAGS_RELEASE-ADVANCED:INTERNAL=1
//ADVANCED property for variable: CMAKE_OBJCXX_FLAGS_RELWITHDEBINFO
CMAKE_OBJCXX_FLAGS_RELWITHDEBINFO-ADVANCED:INTERNAL=1
//ADVANCED property for variable: CMAKE_OBJDUMP
CMAKE_OBJDUMP-ADVANCED:INTERNAL=1
//Platform information initialized
CMAKE_PLATFORM_INFO_INITIALIZED:INTERNAL=1
//ADVANCED property for variable: CMAKE_RANLIB
CMAKE_RANLIB-ADVANCED:INTERNAL=1
//ADVANCED property for variable: CMAKE_READELF
CMAKE_READELF-ADVANCED:INTERNAL=1
//Path to CMake installation.
CMAKE_ROOT:INTERNAL=/Library/Frameworks/Python.framework/Versions/3.13/lib/python3.13/site-packages/cmake/data/share/cmake-4.2
//ADVANCED property for variable: CMAKE_SHARED_LINKER_FLAGS
CMAKE_SHARED_LINKER_FLAGS-ADVANCED:INTERNAL=1
//ADVANCED property for variable: CMAKE_SHARED_LINKER_FLAGS_DEBUG
CMAKE_SHARED_LINKER_FLAGS_DEBUG-ADVANCED:INTERNAL=1
//ADVANCED property for variable: CMAKE_SHARED_LINKER_FLAGS_MINSIZEREL
CMAKE_SHARED_LINKER_FLAGS_MINSIZEREL-ADVANCED:INTERNAL=1
//ADVANCED property for variable: CMAKE_SHARED_LINKER_FLAGS_RELEASE
CMAKE_SHARED_LINKER_FLAGS_RELEASE-ADVANCED:INTERNAL=1
//ADVANCED property for variable: CMAKE_SHARED_LINKER_FLAGS_RELWITHDEBINFO
CMAKE_SHARED_LINKER_FLAGS_RELWITHDEBINFO-ADVANCED:INTERNAL=1
//ADVANCED property for variable: CMAKE_SKIP_INSTALL_RPATH
CMAKE_SKIP_INSTALL_RPATH-ADVANCED:INTERNAL=1
//ADVANCED property for variable: CMAKE_SKIP_RPATH
CMAKE_SKIP_RPATH-ADVANCED:INTERNAL=1
//ADVANCED property for variable: CMAKE_STATIC_LINKER_FLAGS
CMAKE_STATIC_LINKER_FLAGS-ADVANCED:INTERNAL=1
//ADVANCED property for variable: CMAKE_STATIC_LINKER_FLAGS_DEBUG
CMAKE_STATIC_LINKER_FLAGS_DEBUG-ADVANCED:INTERNAL=1
//ADVANCED property for variable: CMAKE_STATIC_LINKER_FLAGS_MINSIZEREL
CMAKE_STATIC_LINKER_FLAGS_MINSIZEREL-ADVANCED:INTERNAL=1
//ADVANCED property for variable: CMAKE_STATIC_LINKER_FLAGS_RELEASE
CMAKE_STATIC_LINKER_FLAGS_RELEASE-ADVANCED:INTERNAL=1
//ADVANCED property for variable: CMAKE_STATIC_LINKER_FLAGS_RELWITHDEBINFO
CMAKE_STATIC_LINKER_FLAGS_RELWITHDEBINFO-ADVANCED:INTERNAL=1
//ADVANCED property for variable: CMAKE_STRIP
CMAKE_STRIP-ADVANCED:INTERNAL=1
//ADVANCED property for variable: CMAKE_TAPI
CMAKE_TAPI-ADVANCED:INTERNAL=1
//uname command
CMAKE_UNAME:INTERNAL=/usr/bin/uname
//ADVANCED property for variable: CMAKE_VERBOSE_MAKEFILE
CMAKE_VERBOSE_MAKEFILE-ADVANCED:INTERNAL=1
//Result of TRY_COMPILE
COMPILE_STATUS:INTERNAL=FALSE
//ADVANCED property for variable: COVERAGE_COMMAND
COVERAGE_COMMAND-ADVANCED:INTERNAL=1
//ADVANCED property for variable: COVERAGE_EXTRA_FLAGS
COVERAGE_EXTRA_FLAGS-ADVANCED:INTERNAL=1
//ADVANCED property for variable: CTEST_SUBMIT_RETRY_COUNT
CTEST_SUBMIT_RETRY_COUNT-ADVANCED:INTERNAL=1
//ADVANCED property for variable: CTEST_SUBMIT_RETRY_DELAY
CTEST_SUBMIT_RETRY_DELAY-ADVANCED:INTERNAL=1
//ADVANCED property for variable: DART_TESTING_TIMEOUT
DART_TESTING_TIMEOUT-ADVANCED:INTERNAL=1
//STRINGS property for variable: FAISS_SVS_RUNTIME_VERSION
FAISS_SVS_RUNTIME_VERSION-STRINGS:INTERNAL=v0
//Details about finding BLAS
FIND_PACKAGE_MESSAGE_DETAILS_BLAS:INTERNAL=[/Library/Developer/CommandLineTools/SDKs/MacOSX.sdk/System/Library/Frameworks/Accelerate.framework][v()]
//Details about finding Git
FIND_PACKAGE_MESSAGE_DETAILS_Git:INTERNAL=[/opt/homebrew/bin/git][v2.51.0()]
//Details about finding LAPACK
FIND_PACKAGE_MESSAGE_DETAILS_LAPACK:INTERNAL=[/Library/Developer/CommandLineTools/SDKs/MacOSX.sdk/System/Library/Frameworks/Accelerate.framework;-lm;-ldl][v()]
//Details about finding OpenMP
FIND_PACKAGE_MESSAGE_DETAILS_OpenMP:INTERNAL=[TRUE][TRUE][ ][v5.1()]
//Details about finding OpenMP_C
FIND_PACKAGE_MESSAGE_DETAILS_OpenMP_C:INTERNAL=[-Xpreprocessor -fopenmp -I/opt/homebrew/opt/libomp/include][/opt/homebrew/opt/libomp/lib/libomp.dylib][v5.1()]
//Details about finding OpenMP_CXX
FIND_PACKAGE_MESSAGE_DETAILS_OpenMP_CXX:INTERNAL=[-Xpreprocessor -fopenmp -I/opt/homebrew/opt/libomp/include][/opt/homebrew/opt/libomp/lib/libomp.dylib][v5.1()]
//Details about finding Python
FIND_PACKAGE_MESSAGE_DETAILS_Python:INTERNAL=[/Library/Frameworks/Python.framework/Versions/3.13/bin/python3.13][found components: Interpreter ][v3.13.7()]
//Details about finding Threads
FIND_PACKAGE_MESSAGE_DETAILS_Threads:INTERNAL=[TRUE][v()]
//ADVANCED property for variable: GITCOMMAND
GITCOMMAND-ADVANCED:INTERNAL=1
//ADVANCED property for variable: GIT_EXECUTABLE
GIT_EXECUTABLE-ADVANCED:INTERNAL=1
//Test HAVE_CXX_FLAG_COVERAGE
HAVE_CXX_FLAG_COVERAGE:INTERNAL=1
//Test HAVE_CXX_FLAG_FSTRICT_ALIASING
HAVE_CXX_FLAG_FSTRICT_ALIASING:INTERNAL=1
//Test HAVE_CXX_FLAG_PEDANTIC
HAVE_CXX_FLAG_PEDANTIC:INTERNAL=1
//Test HAVE_CXX_FLAG_PEDANTIC_ERRORS
HAVE_CXX_FLAG_PEDANTIC_ERRORS:INTERNAL=1
//Test HAVE_CXX_FLAG_WALL
HAVE_CXX_FLAG_WALL:INTERNAL=1
//Test HAVE_CXX_FLAG_WCONVERSION
HAVE_CXX_FLAG_WCONVERSION:INTERNAL=1
//Test HAVE_CXX_FLAG_WERROR
HAVE_CXX_FLAG_WERROR:INTERNAL=1
//Test HAVE_CXX_FLAG_WEXTRA
HAVE_CXX_FLAG_WEXTRA:INTERNAL=1
//Test HAVE_CXX_FLAG_WFLOAT_EQUAL
HAVE_CXX_FLAG_WFLOAT_EQUAL:INTERNAL=1
//Test HAVE_CXX_FLAG_WFORMAT_2
HAVE_CXX_FLAG_WFORMAT_2:INTERNAL=1
//Test HAVE_CXX_FLAG_WNO_DEPRECATED
HAVE_CXX_FLAG_WNO_DEPRECATED:INTERNAL=1
//Test HAVE_CXX_FLAG_WNO_DEPRECATED_DECLARATIONS
HAVE_CXX_FLAG_WNO_DEPRECATED_DECLARATIONS:INTERNAL=1
//Test HAVE_CXX_FLAG_WOLD_STYLE_CAST
HAVE_CXX_FLAG_WOLD_STYLE_CAST:INTERNAL=1
//Test HAVE_CXX_FLAG_WSHADOW
HAVE_CXX_FLAG_WSHADOW:INTERNAL=1
//Test HAVE_CXX_FLAG_WSHORTEN_64_TO_32
HAVE_CXX_FLAG_WSHORTEN_64_TO_32:INTERNAL=1
//Test HAVE_CXX_FLAG_WSTRICT_ALIASING
HAVE_CXX_FLAG_WSTRICT_ALIASING:INTERNAL=1
//Test HAVE_CXX_FLAG_WSUGGEST_OVERRIDE
HAVE_CXX_FLAG_WSUGGEST_OVERRIDE:INTERNAL=1
//Test HAVE_CXX_FLAG_WTHREAD_SAFETY
HAVE_CXX_FLAG_WTHREAD_SAFETY:INTERNAL=1
//Have library rt
HAVE_LIB_RT:INTERNAL=
//Have function cheev_
LAPACK_WORKS:INTERNAL=1
//ADVANCED property for variable: MAKECOMMAND
MAKECOMMAND-ADVANCED:INTERNAL=1
//ADVANCED property for variable: MEMORYCHECK_COMMAND
MEMORYCHECK_COMMAND-ADVANCED:INTERNAL=1
//ADVANCED property for variable: MEMORYCHECK_SUPPRESSIONS_FILE
MEMORYCHECK_SUPPRESSIONS_FILE-ADVANCED:INTERNAL=1
//Result of TRY_COMPILE
OpenMP_COMPILE_RESULT_CXX_Xclang fopenmp:INTERNAL=FALSE
//Result of TRY_COMPILE
OpenMP_COMPILE_RESULT_C_Xclang fopenmp:INTERNAL=FALSE
//ADVANCED property for variable: OpenMP_CXX_FLAGS
OpenMP_CXX_FLAGS-ADVANCED:INTERNAL=1
//ADVANCED property for variable: OpenMP_CXX_LIB_NAMES
OpenMP_CXX_LIB_NAMES-ADVANCED:INTERNAL=1
//CXX compiler's OpenMP specification date
OpenMP_CXX_SPEC_DATE:INTERNAL=202011
//ADVANCED property for variable: OpenMP_C_FLAGS
OpenMP_C_FLAGS-ADVANCED:INTERNAL=1
//ADVANCED property for variable: OpenMP_C_LIB_NAMES
OpenMP_C_LIB_NAMES-ADVANCED:INTERNAL=1
//C compiler's OpenMP specification date
OpenMP_C_SPEC_DATE:INTERNAL=202011
//Result of TRY_COMPILE
OpenMP_SPECTEST_CXX_:INTERNAL=TRUE
//Result of TRY_COMPILE
OpenMP_SPECTEST_C_:INTERNAL=TRUE
//ADVANCED property for variable: OpenMP_libomp_LIBRARY
OpenMP_libomp_LIBRARY-ADVANCED:INTERNAL=1
//Result of try_run()
RUN_STATUS:INTERNAL=0
//ADVANCED property for variable: SITE
SITE-ADVANCED:INTERNAL=1
//CMAKE_INSTALL_PREFIX during last run
_GNUInstallDirs_LAST_CMAKE_INSTALL_PREFIX:INTERNAL=/usr/local
//Compiler reason failure
_Python_Compiler_REASON_FAILURE:INTERNAL=
//Development reason failure
_Python_Development_REASON_FAILURE:INTERNAL=
//Path to a program.
_Python_EXECUTABLE:INTERNAL=/Library/Frameworks/Python.framework/Versions/3.13/bin/python3.13
//Python Properties
_Python_INTERPRETER_PROPERTIES:INTERNAL=Python;3;13;7;64;32;<none>;cpython-313-darwin;abi3;/Library/Frameworks/Python.framework/Versions/3.13/lib/python3.13;/Library/Frameworks/Python.framework/Versions/3.13/lib/python3.13;/Library/Frameworks/Python.framework/Versions/3.13/lib/python3.13/site-packages;/Library/Frameworks/Python.framework/Versions/3.13/lib/python3.13/site-packages
_Python_INTERPRETER_SIGNATURE:INTERNAL=9e6912d89a4d0d3afbdf9e7744974145
//NumPy reason failure
_Python_NumPy_REASON_FAILURE:INTERNAL=
cmake_package_name:INTERNAL=GTest
//ADVANCED property for variable: gtest_build_samples
gtest_build_samples-ADVANCED:INTERNAL=1
//ADVANCED property for variable: gtest_build_tests
gtest_build_tests-ADVANCED:INTERNAL=1
//ADVANCED property for variable: gtest_disable_pthreads
gtest_disable_pthreads-ADVANCED:INTERNAL=1
//ADVANCED property for variable: gtest_force_shared_crt
gtest_force_shared_crt-ADVANCED:INTERNAL=1
//ADVANCED property for variable: gtest_hide_internal_symbols
gtest_hide_internal_symbols-ADVANCED:INTERNAL=1

