Start testing: Jan 16 12:57 PST
----------------------------------------------------------
1/156 Testing: BinaryFlat.accuracy
1/156 Test: BinaryFlat.accuracy
Command: "/Users/bryce/Documents/GitHub/faiss/build-mps/tests/faiss_test" "--gtest_filter=BinaryFlat.accuracy" "--gtest_also_run_disabled_tests"
Directory: /Users/bryce/Documents/GitHub/faiss/build-mps/tests
"BinaryFlat.accuracy" start time: Jan 16 12:57 PST
Output:
----------------------------------------------------------
WARNING clustering 1000 points to 40 centroids: please provide at least 1560 training points
Running main() from /Users/bryce/Documents/GitHub/faiss/build-mps/_deps/googletest-src/googletest/src/gtest_main.cc
Note: Google Test filter = BinaryFlat.accuracy
[==========] Running 1 test from 1 test suite.
[----------] Global test environment set-up.
[----------] 1 test from BinaryFlat
[ RUN      ] BinaryFlat.accuracy
[       OK ] BinaryFlat.accuracy (2 ms)
[----------] 1 test from BinaryFlat (2 ms total)

[----------] Global test environment tear-down
[==========] 1 test from 1 test suite ran. (2 ms total)
[  PASSED  ] 1 test.
<end of output>
Test time =   0.03 sec
----------------------------------------------------------
Test Passed.
"BinaryFlat.accuracy" end time: Jan 16 12:57 PST
"BinaryFlat.accuracy" time elapsed: 00:00:00
----------------------------------------------------------

2/156 Testing: TestIvlistDealloc.IVFFlat
2/156 Test: TestIvlistDealloc.IVFFlat
Command: "/Users/bryce/Documents/GitHub/faiss/build-mps/tests/faiss_test" "--gtest_filter=TestIvlistDealloc.IVFFlat" "--gtest_also_run_disabled_tests"
Directory: /Users/bryce/Documents/GitHub/faiss/build-mps/tests
"TestIvlistDealloc.IVFFlat" start time: Jan 16 12:57 PST
Output:
----------------------------------------------------------
WARNING clustering 1000 points to 40 centroids: please provide at least 1560 training points
Running main() from /Users/bryce/Documents/GitHub/faiss/build-mps/_deps/googletest-src/googletest/src/gtest_main.cc
Note: Google Test filter = TestIvlistDealloc.IVFFlat
[==========] Running 1 test from 1 test suite.
[----------] Global test environment set-up.
[----------] 1 test from TestIvlistDealloc
[ RUN      ] TestIvlistDealloc.IVFFlat
[       OK ] TestIvlistDealloc.IVFFlat (238 ms)
[----------] 1 test from TestIvlistDealloc (238 ms total)

[----------] Global test environment tear-down
[==========] 1 test from 1 test suite ran. (238 ms total)
[  PASSED  ] 1 test.
<end of output>
Test time =   0.26 sec
----------------------------------------------------------
Test Passed.
"TestIvlistDealloc.IVFFlat" end time: Jan 16 12:57 PST
"TestIvlistDealloc.IVFFlat" time elapsed: 00:00:00
----------------------------------------------------------

3/156 Testing: TestIvlistDealloc.IVFSQ
3/156 Test: TestIvlistDealloc.IVFSQ
Command: "/Users/bryce/Documents/GitHub/faiss/build-mps/tests/faiss_test" "--gtest_filter=TestIvlistDealloc.IVFSQ" "--gtest_also_run_disabled_tests"
Directory: /Users/bryce/Documents/GitHub/faiss/build-mps/tests
"TestIvlistDealloc.IVFSQ" start time: Jan 16 12:57 PST
Output:
----------------------------------------------------------
WARNING clustering 1000 points to 40 centroids: please provide at least 1560 training points
Running main() from /Users/bryce/Documents/GitHub/faiss/build-mps/_deps/googletest-src/googletest/src/gtest_main.cc
Note: Google Test filter = TestIvlistDealloc.IVFSQ
[==========] Running 1 test from 1 test suite.
[----------] Global test environment set-up.
[----------] 1 test from TestIvlistDealloc
[ RUN      ] TestIvlistDealloc.IVFSQ
[       OK ] TestIvlistDealloc.IVFSQ (243 ms)
[----------] 1 test from TestIvlistDealloc (243 ms total)

[----------] Global test environment tear-down
[==========] 1 test from 1 test suite ran. (243 ms total)
[  PASSED  ] 1 test.
<end of output>
Test time =   0.27 sec
----------------------------------------------------------
Test Passed.
"TestIvlistDealloc.IVFSQ" end time: Jan 16 12:57 PST
"TestIvlistDealloc.IVFSQ" time elapsed: 00:00:00
----------------------------------------------------------

4/156 Testing: TestIvlistDealloc.IVFPQ
4/156 Test: TestIvlistDealloc.IVFPQ
Command: "/Users/bryce/Documents/GitHub/faiss/build-mps/tests/faiss_test" "--gtest_filter=TestIvlistDealloc.IVFPQ" "--gtest_also_run_disabled_tests"
Directory: /Users/bryce/Documents/GitHub/faiss/build-mps/tests
"TestIvlistDealloc.IVFPQ" start time: Jan 16 12:57 PST
Output:
----------------------------------------------------------
WARNING clustering 1000 points to 40 centroids: please provide at least 1560 training points
Running main() from /Users/bryce/Documents/GitHub/faiss/build-mps/_deps/googletest-src/googletest/src/gtest_main.cc
Note: Google Test filter = TestIvlistDealloc.IVFPQ
[==========] Running 1 test from 1 test suite.
[----------] Global test environment set-up.
[----------] 1 test from TestIvlistDealloc
[ RUN      ] TestIvlistDealloc.IVFPQ
WARNING clustering 5000 points to 256 centroids: please provide at least 9984 training points
WARNING clustering 5000 points to 256 centroids: please provide at least 9984 training points
WARNING clustering 5000 points to 256 centroids: please provide at least 9984 training points
WARNING clustering 5000 points to 256 centroids: please provide at least 9984 training points
[       OK ] TestIvlistDealloc.IVFPQ (474 ms)
[----------] 1 test from TestIvlistDealloc (474 ms total)

[----------] Global test environment tear-down
[==========] 1 test from 1 test suite ran. (474 ms total)
[  PASSED  ] 1 test.
<end of output>
Test time =   0.50 sec
----------------------------------------------------------
Test Passed.
"TestIvlistDealloc.IVFPQ" end time: Jan 16 12:57 PST
"TestIvlistDealloc.IVFPQ" time elapsed: 00:00:00
----------------------------------------------------------

5/156 Testing: IVFPQ.codec
5/156 Test: IVFPQ.codec
Command: "/Users/bryce/Documents/GitHub/faiss/build-mps/tests/faiss_test" "--gtest_filter=IVFPQ.codec" "--gtest_also_run_disabled_tests"
Directory: /Users/bryce/Documents/GitHub/faiss/build-mps/tests
"IVFPQ.codec" start time: Jan 16 12:57 PST
Output:
----------------------------------------------------------
WARNING clustering 1000 points to 40 centroids: please provide at least 1560 training points
Running main() from /Users/bryce/Documents/GitHub/faiss/build-mps/_deps/googletest-src/googletest/src/gtest_main.cc
Note: Google Test filter = IVFPQ.codec
[==========] Running 1 test from 1 test suite.
[----------] Global test environment set-up.
[----------] 1 test from IVFPQ
[ RUN      ] IVFPQ.codec
WARNING clustering 8000 points to 256 centroids: please provide at least 9984 training points
WARNING clustering 8000 points to 256 centroids: please provide at least 9984 training points
WARNING clustering 8000 points to 256 centroids: please provide at least 9984 training points
WARNING clustering 8000 points to 256 centroids: please provide at least 9984 training points
WARNING clustering 8000 points to 256 centroids: please provide at least 9984 training points
WARNING clustering 8000 points to 256 centroids: please provide at least 9984 training points
WARNING clustering 8000 points to 256 centroids: please provide at least 9984 training points
WARNING clustering 8000 points to 256 centroids: please provide at least 9984 training points
WARNING clustering 8000 points to 256 centroids: please provide at least 9984 training points
WARNING clustering 8000 points to 256 centroids: please provide at least 9984 training points
WARNING clustering 8000 points to 256 centroids: please provide at least 9984 training points
WARNING clustering 8000 points to 256 centroids: please provide at least 9984 training points
WARNING clustering 8000 points to 256 centroids: please provide at least 9984 training points
WARNING clustering 8000 points to 256 centroids: please provide at least 9984 training points
WARNING clustering 8000 points to 256 centroids: please provide at least 9984 training points
WARNING clustering 8000 points to 256 centroids: please provide at least 9984 training points
WARNING clustering 8000 points to 256 centroids: please provide at least 9984 training points
WARNING clustering 8000 points to 256 centroids: please provide at least 9984 training points
WARNING clustering 8000 points to 256 centroids: please provide at least 9984 training points
WARNING clustering 8000 points to 256 centroids: please provide at least 9984 training points
WARNING clustering 8000 points to 256 centroids: please provide at least 9984 training points
WARNING clustering 8000 points to 256 centroids: please provide at least 9984 training points
WARNING clustering 8000 points to 256 centroids: please provide at least 9984 training points
WARNING clustering 8000 points to 256 centroids: please provide at least 9984 training points
WARNING clustering 8000 points to 256 centroids: please provide at least 9984 training points
WARNING clustering 8000 points to 256 centroids: please provide at least 9984 training points
WARNING clustering 8000 points to 256 centroids: please provide at least 9984 training points
WARNING clustering 8000 points to 256 centroids: please provide at least 9984 training points
WARNING clustering 8000 points to 256 centroids: please provide at least 9984 training points
WARNING clustering 8000 points to 256 centroids: please provide at least 9984 training points
WARNING clustering 8000 points to 256 centroids: please provide at least 9984 training points
WARNING clustering 8000 points to 256 centroids: please provide at least 9984 training points
[       OK ] IVFPQ.codec (1346 ms)
[----------] 1 test from IVFPQ (1346 ms total)

[----------] Global test environment tear-down
[==========] 1 test from 1 test suite ran. (1346 ms total)
[  PASSED  ] 1 test.
<end of output>
Test time =   1.37 sec
----------------------------------------------------------
Test Passed.
"IVFPQ.codec" end time: Jan 16 12:57 PST
"IVFPQ.codec" time elapsed: 00:00:01
----------------------------------------------------------

6/156 Testing: IVFPQ.accuracy
6/156 Test: IVFPQ.accuracy
Command: "/Users/bryce/Documents/GitHub/faiss/build-mps/tests/faiss_test" "--gtest_filter=IVFPQ.accuracy" "--gtest_also_run_disabled_tests"
Directory: /Users/bryce/Documents/GitHub/faiss/build-mps/tests
"IVFPQ.accuracy" start time: Jan 16 12:57 PST
Output:
----------------------------------------------------------
WARNING clustering 1000 points to 40 centroids: please provide at least 1560 training points
Running main() from /Users/bryce/Documents/GitHub/faiss/build-mps/_deps/googletest-src/googletest/src/gtest_main.cc
Note: Google Test filter = IVFPQ.accuracy
[==========] Running 1 test from 1 test suite.
[----------] Global test environment set-up.
[----------] 1 test from IVFPQ
[ RUN      ] IVFPQ.accuracy
WARNING clustering 1500 points to 256 centroids: please provide at least 9984 training points
WARNING clustering 1500 points to 256 centroids: please provide at least 9984 training points
WARNING clustering 1500 points to 256 centroids: please provide at least 9984 training points
WARNING clustering 1500 points to 256 centroids: please provide at least 9984 training points
WARNING clustering 1500 points to 256 centroids: please provide at least 9984 training points
WARNING clustering 1500 points to 256 centroids: please provide at least 9984 training points
WARNING clustering 1500 points to 256 centroids: please provide at least 9984 training points
WARNING clustering 1500 points to 256 centroids: please provide at least 9984 training points
WARNING clustering 1500 points to 256 centroids: please provide at least 9984 training points
WARNING clustering 1500 points to 256 centroids: please provide at least 9984 training points
WARNING clustering 1500 points to 256 centroids: please provide at least 9984 training points
WARNING clustering 1500 points to 256 centroids: please provide at least 9984 training points
WARNING clustering 1500 points to 256 centroids: please provide at least 9984 training points
WARNING clustering 1500 points to 256 centroids: please provide at least 9984 training points
WARNING clustering 1500 points to 256 centroids: please provide at least 9984 training points
WARNING clustering 1500 points to 256 centroids: please provide at least 9984 training points
Training level-1 quantizer
Training level-1 quantizer on 1500 vectors in 64D
Training IVF residual
precomputing IVFPQ tables type 1
 add_core times: 0.001 4.407 0.187 
[       OK ] IVFPQ.accuracy (146 ms)
[----------] 1 test from IVFPQ (146 ms total)

[----------] Global test environment tear-down
[==========] 1 test from 1 test suite ran. (146 ms total)
[  PASSED  ] 1 test.
<end of output>
Test time =   0.17 sec
----------------------------------------------------------
Test Passed.
"IVFPQ.accuracy" end time: Jan 16 12:57 PST
"IVFPQ.accuracy" time elapsed: 00:00:00
----------------------------------------------------------

7/156 Testing: TestLowLevelIVF.IVFFlatL2
7/156 Test: TestLowLevelIVF.IVFFlatL2
Command: "/Users/bryce/Documents/GitHub/faiss/build-mps/tests/faiss_test" "--gtest_filter=TestLowLevelIVF.IVFFlatL2" "--gtest_also_run_disabled_tests"
Directory: /Users/bryce/Documents/GitHub/faiss/build-mps/tests
"TestLowLevelIVF.IVFFlatL2" start time: Jan 16 12:57 PST
Output:
----------------------------------------------------------
WARNING clustering 1000 points to 40 centroids: please provide at least 1560 training points
Running main() from /Users/bryce/Documents/GitHub/faiss/build-mps/_deps/googletest-src/googletest/src/gtest_main.cc
Note: Google Test filter = TestLowLevelIVF.IVFFlatL2
[==========] Running 1 test from 1 test suite.
[----------] Global test environment set-up.
[----------] 1 test from TestLowLevelIVF
[ RUN      ] TestLowLevelIVF.IVFFlatL2
[       OK ] TestLowLevelIVF.IVFFlatL2 (29 ms)
[----------] 1 test from TestLowLevelIVF (29 ms total)

[----------] Global test environment tear-down
[==========] 1 test from 1 test suite ran. (29 ms total)
[  PASSED  ] 1 test.
<end of output>
Test time =   0.05 sec
----------------------------------------------------------
Test Passed.
"TestLowLevelIVF.IVFFlatL2" end time: Jan 16 12:57 PST
"TestLowLevelIVF.IVFFlatL2" time elapsed: 00:00:00
----------------------------------------------------------

8/156 Testing: TestLowLevelIVF.PCAIVFFlatL2
8/156 Test: TestLowLevelIVF.PCAIVFFlatL2
Command: "/Users/bryce/Documents/GitHub/faiss/build-mps/tests/faiss_test" "--gtest_filter=TestLowLevelIVF.PCAIVFFlatL2" "--gtest_also_run_disabled_tests"
Directory: /Users/bryce/Documents/GitHub/faiss/build-mps/tests
"TestLowLevelIVF.PCAIVFFlatL2" start time: Jan 16 12:57 PST
Output:
----------------------------------------------------------
WARNING clustering 1000 points to 40 centroids: please provide at least 1560 training points
Running main() from /Users/bryce/Documents/GitHub/faiss/build-mps/_deps/googletest-src/googletest/src/gtest_main.cc
Note: Google Test filter = TestLowLevelIVF.PCAIVFFlatL2
[==========] Running 1 test from 1 test suite.
[----------] Global test environment set-up.
[----------] 1 test from TestLowLevelIVF
[ RUN      ] TestLowLevelIVF.PCAIVFFlatL2
[       OK ] TestLowLevelIVF.PCAIVFFlatL2 (26 ms)
[----------] 1 test from TestLowLevelIVF (26 ms total)

[----------] Global test environment tear-down
[==========] 1 test from 1 test suite ran. (26 ms total)
[  PASSED  ] 1 test.
<end of output>
Test time =   0.05 sec
----------------------------------------------------------
Test Passed.
"TestLowLevelIVF.PCAIVFFlatL2" end time: Jan 16 12:57 PST
"TestLowLevelIVF.PCAIVFFlatL2" time elapsed: 00:00:00
----------------------------------------------------------

9/156 Testing: TestLowLevelIVF.IVFFlatIP
9/156 Test: TestLowLevelIVF.IVFFlatIP
Command: "/Users/bryce/Documents/GitHub/faiss/build-mps/tests/faiss_test" "--gtest_filter=TestLowLevelIVF.IVFFlatIP" "--gtest_also_run_disabled_tests"
Directory: /Users/bryce/Documents/GitHub/faiss/build-mps/tests
"TestLowLevelIVF.IVFFlatIP" start time: Jan 16 12:57 PST
Output:
----------------------------------------------------------
WARNING clustering 1000 points to 40 centroids: please provide at least 1560 training points
Running main() from /Users/bryce/Documents/GitHub/faiss/build-mps/_deps/googletest-src/googletest/src/gtest_main.cc
Note: Google Test filter = TestLowLevelIVF.IVFFlatIP
[==========] Running 1 test from 1 test suite.
[----------] Global test environment set-up.
[----------] 1 test from TestLowLevelIVF
[ RUN      ] TestLowLevelIVF.IVFFlatIP
[       OK ] TestLowLevelIVF.IVFFlatIP (20 ms)
[----------] 1 test from TestLowLevelIVF (20 ms total)

[----------] Global test environment tear-down
[==========] 1 test from 1 test suite ran. (20 ms total)
[  PASSED  ] 1 test.
<end of output>
Test time =   0.05 sec
----------------------------------------------------------
Test Passed.
"TestLowLevelIVF.IVFFlatIP" end time: Jan 16 12:57 PST
"TestLowLevelIVF.IVFFlatIP" time elapsed: 00:00:00
----------------------------------------------------------

10/156 Testing: TestLowLevelIVF.IVFSQL2
10/156 Test: TestLowLevelIVF.IVFSQL2
Command: "/Users/bryce/Documents/GitHub/faiss/build-mps/tests/faiss_test" "--gtest_filter=TestLowLevelIVF.IVFSQL2" "--gtest_also_run_disabled_tests"
Directory: /Users/bryce/Documents/GitHub/faiss/build-mps/tests
"TestLowLevelIVF.IVFSQL2" start time: Jan 16 12:57 PST
Output:
----------------------------------------------------------
WARNING clustering 1000 points to 40 centroids: please provide at least 1560 training points
Running main() from /Users/bryce/Documents/GitHub/faiss/build-mps/_deps/googletest-src/googletest/src/gtest_main.cc
Note: Google Test filter = TestLowLevelIVF.IVFSQL2
[==========] Running 1 test from 1 test suite.
[----------] Global test environment set-up.
[----------] 1 test from TestLowLevelIVF
[ RUN      ] TestLowLevelIVF.IVFSQL2
[       OK ] TestLowLevelIVF.IVFSQL2 (33 ms)
[----------] 1 test from TestLowLevelIVF (33 ms total)

[----------] Global test environment tear-down
[==========] 1 test from 1 test suite ran. (33 ms total)
[  PASSED  ] 1 test.
<end of output>
Test time =   0.06 sec
----------------------------------------------------------
Test Passed.
"TestLowLevelIVF.IVFSQL2" end time: Jan 16 12:57 PST
"TestLowLevelIVF.IVFSQL2" time elapsed: 00:00:00
----------------------------------------------------------

11/156 Testing: TestLowLevelIVF.IVFSQIP
11/156 Test: TestLowLevelIVF.IVFSQIP
Command: "/Users/bryce/Documents/GitHub/faiss/build-mps/tests/faiss_test" "--gtest_filter=TestLowLevelIVF.IVFSQIP" "--gtest_also_run_disabled_tests"
Directory: /Users/bryce/Documents/GitHub/faiss/build-mps/tests
"TestLowLevelIVF.IVFSQIP" start time: Jan 16 12:57 PST
Output:
----------------------------------------------------------
WARNING clustering 1000 points to 40 centroids: please provide at least 1560 training points
Running main() from /Users/bryce/Documents/GitHub/faiss/build-mps/_deps/googletest-src/googletest/src/gtest_main.cc
Note: Google Test filter = TestLowLevelIVF.IVFSQIP
[==========] Running 1 test from 1 test suite.
[----------] Global test environment set-up.
[----------] 1 test from TestLowLevelIVF
[ RUN      ] TestLowLevelIVF.IVFSQIP
[       OK ] TestLowLevelIVF.IVFSQIP (24 ms)
[----------] 1 test from TestLowLevelIVF (24 ms total)

[----------] Global test environment tear-down
[==========] 1 test from 1 test suite ran. (24 ms total)
[  PASSED  ] 1 test.
<end of output>
Test time =   0.05 sec
----------------------------------------------------------
Test Passed.
"TestLowLevelIVF.IVFSQIP" end time: Jan 16 12:57 PST
"TestLowLevelIVF.IVFSQIP" time elapsed: 00:00:00
----------------------------------------------------------

12/156 Testing: TestLowLevelIVF.IVFPQL2
12/156 Test: TestLowLevelIVF.IVFPQL2
Command: "/Users/bryce/Documents/GitHub/faiss/build-mps/tests/faiss_test" "--gtest_filter=TestLowLevelIVF.IVFPQL2" "--gtest_also_run_disabled_tests"
Directory: /Users/bryce/Documents/GitHub/faiss/build-mps/tests
"TestLowLevelIVF.IVFPQL2" start time: Jan 16 12:57 PST
Output:
----------------------------------------------------------
WARNING clustering 1000 points to 40 centroids: please provide at least 1560 training points
Running main() from /Users/bryce/Documents/GitHub/faiss/build-mps/_deps/googletest-src/googletest/src/gtest_main.cc
Note: Google Test filter = TestLowLevelIVF.IVFPQL2
[==========] Running 1 test from 1 test suite.
[----------] Global test environment set-up.
[----------] 1 test from TestLowLevelIVF
[ RUN      ] TestLowLevelIVF.IVFPQL2
WARNING clustering 5000 points to 256 centroids: please provide at least 9984 training points
WARNING clustering 5000 points to 256 centroids: please provide at least 9984 training points
WARNING clustering 5000 points to 256 centroids: please provide at least 9984 training points
WARNING clustering 5000 points to 256 centroids: please provide at least 9984 training points
[       OK ] TestLowLevelIVF.IVFPQL2 (265 ms)
[----------] 1 test from TestLowLevelIVF (265 ms total)

[----------] Global test environment tear-down
[==========] 1 test from 1 test suite ran. (265 ms total)
[  PASSED  ] 1 test.
<end of output>
Test time =   0.29 sec
----------------------------------------------------------
Test Passed.
"TestLowLevelIVF.IVFPQL2" end time: Jan 16 12:57 PST
"TestLowLevelIVF.IVFPQL2" time elapsed: 00:00:00
----------------------------------------------------------

13/156 Testing: TestLowLevelIVF.IVFPQIP
13/156 Test: TestLowLevelIVF.IVFPQIP
Command: "/Users/bryce/Documents/GitHub/faiss/build-mps/tests/faiss_test" "--gtest_filter=TestLowLevelIVF.IVFPQIP" "--gtest_also_run_disabled_tests"
Directory: /Users/bryce/Documents/GitHub/faiss/build-mps/tests
"TestLowLevelIVF.IVFPQIP" start time: Jan 16 12:57 PST
Output:
----------------------------------------------------------
WARNING clustering 1000 points to 40 centroids: please provide at least 1560 training points
Running main() from /Users/bryce/Documents/GitHub/faiss/build-mps/_deps/googletest-src/googletest/src/gtest_main.cc
Note: Google Test filter = TestLowLevelIVF.IVFPQIP
[==========] Running 1 test from 1 test suite.
[----------] Global test environment set-up.
[----------] 1 test from TestLowLevelIVF
[ RUN      ] TestLowLevelIVF.IVFPQIP
WARNING clustering 5000 points to 256 centroids: please provide at least 9984 training points
WARNING clustering 5000 points to 256 centroids: please provide at least 9984 training points
WARNING clustering 5000 points to 256 centroids: please provide at least 9984 training points
WARNING clustering 5000 points to 256 centroids: please provide at least 9984 training points
[       OK ] TestLowLevelIVF.IVFPQIP (302 ms)
[----------] 1 test from TestLowLevelIVF (302 ms total)

[----------] Global test environment tear-down
[==========] 1 test from 1 test suite ran. (302 ms total)
[  PASSED  ] 1 test.
<end of output>
Test time =   0.33 sec
----------------------------------------------------------
Test Passed.
"TestLowLevelIVF.IVFPQIP" end time: Jan 16 12:57 PST
"TestLowLevelIVF.IVFPQIP" time elapsed: 00:00:00
----------------------------------------------------------

14/156 Testing: TestLowLevelIVF.IVFRaBitQ
14/156 Test: TestLowLevelIVF.IVFRaBitQ
Command: "/Users/bryce/Documents/GitHub/faiss/build-mps/tests/faiss_test" "--gtest_filter=TestLowLevelIVF.IVFRaBitQ" "--gtest_also_run_disabled_tests"
Directory: /Users/bryce/Documents/GitHub/faiss/build-mps/tests
"TestLowLevelIVF.IVFRaBitQ" start time: Jan 16 12:57 PST
Output:
----------------------------------------------------------
WARNING clustering 1000 points to 40 centroids: please provide at least 1560 training points
Running main() from /Users/bryce/Documents/GitHub/faiss/build-mps/_deps/googletest-src/googletest/src/gtest_main.cc
Note: Google Test filter = TestLowLevelIVF.IVFRaBitQ
[==========] Running 1 test from 1 test suite.
[----------] Global test environment set-up.
[----------] 1 test from TestLowLevelIVF
[ RUN      ] TestLowLevelIVF.IVFRaBitQ
[       OK ] TestLowLevelIVF.IVFRaBitQ (35 ms)
[----------] 1 test from TestLowLevelIVF (35 ms total)

[----------] Global test environment tear-down
[==========] 1 test from 1 test suite ran. (35 ms total)
[  PASSED  ] 1 test.
<end of output>
Test time =   0.06 sec
----------------------------------------------------------
Test Passed.
"TestLowLevelIVF.IVFRaBitQ" end time: Jan 16 12:57 PST
"TestLowLevelIVF.IVFRaBitQ" time elapsed: 00:00:00
----------------------------------------------------------

15/156 Testing: TestLowLevelIVF.IVFRQ
15/156 Test: TestLowLevelIVF.IVFRQ
Command: "/Users/bryce/Documents/GitHub/faiss/build-mps/tests/faiss_test" "--gtest_filter=TestLowLevelIVF.IVFRQ" "--gtest_also_run_disabled_tests"
Directory: /Users/bryce/Documents/GitHub/faiss/build-mps/tests
"TestLowLevelIVF.IVFRQ" start time: Jan 16 12:57 PST
Output:
----------------------------------------------------------
WARNING clustering 1000 points to 40 centroids: please provide at least 1560 training points
Running main() from /Users/bryce/Documents/GitHub/faiss/build-mps/_deps/googletest-src/googletest/src/gtest_main.cc
Note: Google Test filter = TestLowLevelIVF.IVFRQ
[==========] Running 1 test from 1 test suite.
[----------] Global test environment set-up.
[----------] 1 test from TestLowLevelIVF
[ RUN      ] TestLowLevelIVF.IVFRQ
WARNING clustering 5000 points to 256 centroids: please provide at least 9984 training points
WARNING clustering 5000 points to 256 centroids: please provide at least 9984 training points
WARNING clustering 5000 points to 256 centroids: please provide at least 9984 training points
WARNING clustering 5000 points to 256 centroids: please provide at least 9984 training points
WARNING clustering 5000 points to 256 centroids: please provide at least 9984 training points
WARNING clustering 5000 points to 256 centroids: please provide at least 9984 training points
WARNING clustering 5000 points to 256 centroids: please provide at least 9984 training points
WARNING clustering 5000 points to 256 centroids: please provide at least 9984 training points
WARNING clustering 5000 points to 256 centroids: please provide at least 9984 training points
WARNING clustering 5000 points to 256 centroids: please provide at least 9984 training points
[       OK ] TestLowLevelIVF.IVFRQ (29454 ms)
[----------] 1 test from TestLowLevelIVF (29454 ms total)

[----------] Global test environment tear-down
[==========] 1 test from 1 test suite ran. (29454 ms total)
[  PASSED  ] 1 test.
<end of output>
Test time =  29.48 sec
----------------------------------------------------------
Test Passed.
"TestLowLevelIVF.IVFRQ" end time: Jan 16 12:58 PST
"TestLowLevelIVF.IVFRQ" time elapsed: 00:00:29
----------------------------------------------------------

16/156 Testing: TestLowLevelIVF.IVFPQFS_L2
16/156 Test: TestLowLevelIVF.IVFPQFS_L2
Command: "/Users/bryce/Documents/GitHub/faiss/build-mps/tests/faiss_test" "--gtest_filter=TestLowLevelIVF.IVFPQFS_L2" "--gtest_also_run_disabled_tests"
Directory: /Users/bryce/Documents/GitHub/faiss/build-mps/tests
"TestLowLevelIVF.IVFPQFS_L2" start time: Jan 16 12:58 PST
Output:
----------------------------------------------------------
WARNING clustering 1000 points to 40 centroids: please provide at least 1560 training points
Running main() from /Users/bryce/Documents/GitHub/faiss/build-mps/_deps/googletest-src/googletest/src/gtest_main.cc
Note: Google Test filter = TestLowLevelIVF.IVFPQFS_L2
[==========] Running 1 test from 1 test suite.
[----------] Global test environment set-up.
[----------] 1 test from TestLowLevelIVF
[ RUN      ] TestLowLevelIVF.IVFPQFS_L2
[       OK ] TestLowLevelIVF.IVFPQFS_L2 (72 ms)
[----------] 1 test from TestLowLevelIVF (72 ms total)

[----------] Global test environment tear-down
[==========] 1 test from 1 test suite ran. (72 ms total)
[  PASSED  ] 1 test.
<end of output>
Test time =   0.10 sec
----------------------------------------------------------
Test Passed.
"TestLowLevelIVF.IVFPQFS_L2" end time: Jan 16 12:58 PST
"TestLowLevelIVF.IVFPQFS_L2" time elapsed: 00:00:00
----------------------------------------------------------

17/156 Testing: TestLowLevelIVF.IVFPQFS_IP
17/156 Test: TestLowLevelIVF.IVFPQFS_IP
Command: "/Users/bryce/Documents/GitHub/faiss/build-mps/tests/faiss_test" "--gtest_filter=TestLowLevelIVF.IVFPQFS_IP" "--gtest_also_run_disabled_tests"
Directory: /Users/bryce/Documents/GitHub/faiss/build-mps/tests
"TestLowLevelIVF.IVFPQFS_IP" start time: Jan 16 12:58 PST
Output:
----------------------------------------------------------
WARNING clustering 1000 points to 40 centroids: please provide at least 1560 training points
Running main() from /Users/bryce/Documents/GitHub/faiss/build-mps/_deps/googletest-src/googletest/src/gtest_main.cc
Note: Google Test filter = TestLowLevelIVF.IVFPQFS_IP
[==========] Running 1 test from 1 test suite.
[----------] Global test environment set-up.
[----------] 1 test from TestLowLevelIVF
[ RUN      ] TestLowLevelIVF.IVFPQFS_IP
[       OK ] TestLowLevelIVF.IVFPQFS_IP (68 ms)
[----------] 1 test from TestLowLevelIVF (68 ms total)

[----------] Global test environment tear-down
[==========] 1 test from 1 test suite ran. (68 ms total)
[  PASSED  ] 1 test.
<end of output>
Test time =   0.09 sec
----------------------------------------------------------
Test Passed.
"TestLowLevelIVF.IVFPQFS_IP" end time: Jan 16 12:58 PST
"TestLowLevelIVF.IVFPQFS_IP" time elapsed: 00:00:00
----------------------------------------------------------

18/156 Testing: TestLowLevelIVF.IVFPQFSr_L2
18/156 Test: TestLowLevelIVF.IVFPQFSr_L2
Command: "/Users/bryce/Documents/GitHub/faiss/build-mps/tests/faiss_test" "--gtest_filter=TestLowLevelIVF.IVFPQFSr_L2" "--gtest_also_run_disabled_tests"
Directory: /Users/bryce/Documents/GitHub/faiss/build-mps/tests
"TestLowLevelIVF.IVFPQFSr_L2" start time: Jan 16 12:58 PST
Output:
----------------------------------------------------------
WARNING clustering 1000 points to 40 centroids: please provide at least 1560 training points
Running main() from /Users/bryce/Documents/GitHub/faiss/build-mps/_deps/googletest-src/googletest/src/gtest_main.cc
Note: Google Test filter = TestLowLevelIVF.IVFPQFSr_L2
[==========] Running 1 test from 1 test suite.
[----------] Global test environment set-up.
[----------] 1 test from TestLowLevelIVF
[ RUN      ] TestLowLevelIVF.IVFPQFSr_L2
[       OK ] TestLowLevelIVF.IVFPQFSr_L2 (85 ms)
[----------] 1 test from TestLowLevelIVF (85 ms total)

[----------] Global test environment tear-down
[==========] 1 test from 1 test suite ran. (86 ms total)
[  PASSED  ] 1 test.
<end of output>
Test time =   0.11 sec
----------------------------------------------------------
Test Passed.
"TestLowLevelIVF.IVFPQFSr_L2" end time: Jan 16 12:58 PST
"TestLowLevelIVF.IVFPQFSr_L2" time elapsed: 00:00:00
----------------------------------------------------------

19/156 Testing: TestLowLevelIVF.IVFPQFSr_IP
19/156 Test: TestLowLevelIVF.IVFPQFSr_IP
Command: "/Users/bryce/Documents/GitHub/faiss/build-mps/tests/faiss_test" "--gtest_filter=TestLowLevelIVF.IVFPQFSr_IP" "--gtest_also_run_disabled_tests"
Directory: /Users/bryce/Documents/GitHub/faiss/build-mps/tests
"TestLowLevelIVF.IVFPQFSr_IP" start time: Jan 16 12:58 PST
Output:
----------------------------------------------------------
WARNING clustering 1000 points to 40 centroids: please provide at least 1560 training points
Running main() from /Users/bryce/Documents/GitHub/faiss/build-mps/_deps/googletest-src/googletest/src/gtest_main.cc
Note: Google Test filter = TestLowLevelIVF.IVFPQFSr_IP
[==========] Running 1 test from 1 test suite.
[----------] Global test environment set-up.
[----------] 1 test from TestLowLevelIVF
[ RUN      ] TestLowLevelIVF.IVFPQFSr_IP
[       OK ] TestLowLevelIVF.IVFPQFSr_IP (68 ms)
[----------] 1 test from TestLowLevelIVF (68 ms total)

[----------] Global test environment tear-down
[==========] 1 test from 1 test suite ran. (68 ms total)
[  PASSED  ] 1 test.
<end of output>
Test time =   0.09 sec
----------------------------------------------------------
Test Passed.
"TestLowLevelIVF.IVFPQFSr_IP" end time: Jan 16 12:58 PST
"TestLowLevelIVF.IVFPQFSr_IP" time elapsed: 00:00:00
----------------------------------------------------------

20/156 Testing: TestLowLevelIVF.IVFBinary
20/156 Test: TestLowLevelIVF.IVFBinary
Command: "/Users/bryce/Documents/GitHub/faiss/build-mps/tests/faiss_test" "--gtest_filter=TestLowLevelIVF.IVFBinary" "--gtest_also_run_disabled_tests"
Directory: /Users/bryce/Documents/GitHub/faiss/build-mps/tests
"TestLowLevelIVF.IVFBinary" start time: Jan 16 12:58 PST
Output:
----------------------------------------------------------
WARNING clustering 1000 points to 40 centroids: please provide at least 1560 training points
Running main() from /Users/bryce/Documents/GitHub/faiss/build-mps/_deps/googletest-src/googletest/src/gtest_main.cc
Note: Google Test filter = TestLowLevelIVF.IVFBinary
[==========] Running 1 test from 1 test suite.
[----------] Global test environment set-up.
[----------] 1 test from TestLowLevelIVF
[ RUN      ] TestLowLevelIVF.IVFBinary
[       OK ] TestLowLevelIVF.IVFBinary (130 ms)
[----------] 1 test from TestLowLevelIVF (130 ms total)

[----------] Global test environment tear-down
[==========] 1 test from 1 test suite ran. (130 ms total)
[  PASSED  ] 1 test.
<end of output>
Test time =   0.16 sec
----------------------------------------------------------
Test Passed.
"TestLowLevelIVF.IVFBinary" end time: Jan 16 12:58 PST
"TestLowLevelIVF.IVFBinary" time elapsed: 00:00:00
----------------------------------------------------------

21/156 Testing: TestLowLevelIVF.ThreadedSearch
21/156 Test: TestLowLevelIVF.ThreadedSearch
Command: "/Users/bryce/Documents/GitHub/faiss/build-mps/tests/faiss_test" "--gtest_filter=TestLowLevelIVF.ThreadedSearch" "--gtest_also_run_disabled_tests"
Directory: /Users/bryce/Documents/GitHub/faiss/build-mps/tests
"TestLowLevelIVF.ThreadedSearch" start time: Jan 16 12:58 PST
Output:
----------------------------------------------------------
WARNING clustering 1000 points to 40 centroids: please provide at least 1560 training points
Running main() from /Users/bryce/Documents/GitHub/faiss/build-mps/_deps/googletest-src/googletest/src/gtest_main.cc
Note: Google Test filter = TestLowLevelIVF.ThreadedSearch
[==========] Running 1 test from 1 test suite.
[----------] Global test environment set-up.
[----------] 1 test from TestLowLevelIVF
[ RUN      ] TestLowLevelIVF.ThreadedSearch
[       OK ] TestLowLevelIVF.ThreadedSearch (32 ms)
[----------] 1 test from TestLowLevelIVF (32 ms total)

[----------] Global test environment tear-down
[==========] 1 test from 1 test suite ran. (32 ms total)
[  PASSED  ] 1 test.
<end of output>
Test time =   0.06 sec
----------------------------------------------------------
Test Passed.
"TestLowLevelIVF.ThreadedSearch" end time: Jan 16 12:58 PST
"TestLowLevelIVF.ThreadedSearch" time elapsed: 00:00:00
----------------------------------------------------------

22/156 Testing: IVF.list_context
22/156 Test: IVF.list_context
Command: "/Users/bryce/Documents/GitHub/faiss/build-mps/tests/faiss_test" "--gtest_filter=IVF.list_context" "--gtest_also_run_disabled_tests"
Directory: /Users/bryce/Documents/GitHub/faiss/build-mps/tests
"IVF.list_context" start time: Jan 16 12:58 PST
Output:
----------------------------------------------------------
WARNING clustering 1000 points to 40 centroids: please provide at least 1560 training points
Running main() from /Users/bryce/Documents/GitHub/faiss/build-mps/_deps/googletest-src/googletest/src/gtest_main.cc
Note: Google Test filter = IVF.list_context
[==========] Running 1 test from 1 test suite.
[----------] Global test environment set-up.
[----------] 1 test from IVF
[ RUN      ] IVF.list_context
WARNING clustering 1500 points to 100 centroids: please provide at least 3900 training points
Training level-1 quantizer
Training level-1 quantizer on 1500 vectors in 32D
Training IVF residual
IndexIVF: no residual training
IndexIVFFlat::add_core: added 100000 / 100000 vectors
[       OK ] IVF.list_context (926 ms)
[----------] 1 test from IVF (926 ms total)

[----------] Global test environment tear-down
[==========] 1 test from 1 test suite ran. (926 ms total)
[  PASSED  ] 1 test.
<end of output>
Test time =   0.95 sec
----------------------------------------------------------
Test Passed.
"IVF.list_context" end time: Jan 16 12:58 PST
"IVF.list_context" time elapsed: 00:00:00
----------------------------------------------------------

23/156 Testing: MERGE.merge_flat_no_ids
23/156 Test: MERGE.merge_flat_no_ids
Command: "/Users/bryce/Documents/GitHub/faiss/build-mps/tests/faiss_test" "--gtest_filter=MERGE.merge_flat_no_ids" "--gtest_also_run_disabled_tests"
Directory: /Users/bryce/Documents/GitHub/faiss/build-mps/tests
"MERGE.merge_flat_no_ids" start time: Jan 16 12:58 PST
Output:
----------------------------------------------------------
WARNING clustering 1000 points to 40 centroids: please provide at least 1560 training points
Running main() from /Users/bryce/Documents/GitHub/faiss/build-mps/_deps/googletest-src/googletest/src/gtest_main.cc
Note: Google Test filter = MERGE.merge_flat_no_ids
[==========] Running 1 test from 1 test suite.
[----------] Global test environment set-up.
[----------] 1 test from MERGE
[ RUN      ] MERGE.merge_flat_no_ids
[       OK ] MERGE.merge_flat_no_ids (4 ms)
[----------] 1 test from MERGE (4 ms total)

[----------] Global test environment tear-down
[==========] 1 test from 1 test suite ran. (4 ms total)
[  PASSED  ] 1 test.
<end of output>
Test time =   0.03 sec
----------------------------------------------------------
Test Passed.
"MERGE.merge_flat_no_ids" end time: Jan 16 12:58 PST
"MERGE.merge_flat_no_ids" time elapsed: 00:00:00
----------------------------------------------------------

24/156 Testing: MERGE.merge_flat
24/156 Test: MERGE.merge_flat
Command: "/Users/bryce/Documents/GitHub/faiss/build-mps/tests/faiss_test" "--gtest_filter=MERGE.merge_flat" "--gtest_also_run_disabled_tests"
Directory: /Users/bryce/Documents/GitHub/faiss/build-mps/tests
"MERGE.merge_flat" start time: Jan 16 12:58 PST
Output:
----------------------------------------------------------
WARNING clustering 1000 points to 40 centroids: please provide at least 1560 training points
Running main() from /Users/bryce/Documents/GitHub/faiss/build-mps/_deps/googletest-src/googletest/src/gtest_main.cc
Note: Google Test filter = MERGE.merge_flat
[==========] Running 1 test from 1 test suite.
[----------] Global test environment set-up.
[----------] 1 test from MERGE
[ RUN      ] MERGE.merge_flat
[       OK ] MERGE.merge_flat (3 ms)
[----------] 1 test from MERGE (3 ms total)

[----------] Global test environment tear-down
[==========] 1 test from 1 test suite ran. (3 ms total)
[  PASSED  ] 1 test.
<end of output>
Test time =   0.03 sec
----------------------------------------------------------
Test Passed.
"MERGE.merge_flat" end time: Jan 16 12:58 PST
"MERGE.merge_flat" time elapsed: 00:00:00
----------------------------------------------------------

25/156 Testing: MERGE.merge_flat_vt
25/156 Test: MERGE.merge_flat_vt
Command: "/Users/bryce/Documents/GitHub/faiss/build-mps/tests/faiss_test" "--gtest_filter=MERGE.merge_flat_vt" "--gtest_also_run_disabled_tests"
Directory: /Users/bryce/Documents/GitHub/faiss/build-mps/tests
"MERGE.merge_flat_vt" start time: Jan 16 12:58 PST
Output:
----------------------------------------------------------
WARNING clustering 1000 points to 40 centroids: please provide at least 1560 training points
Running main() from /Users/bryce/Documents/GitHub/faiss/build-mps/_deps/googletest-src/googletest/src/gtest_main.cc
Note: Google Test filter = MERGE.merge_flat_vt
[==========] Running 1 test from 1 test suite.
[----------] Global test environment set-up.
[----------] 1 test from MERGE
[ RUN      ] MERGE.merge_flat_vt
WARNING clustering 1000 points to 40 centroids: please provide at least 1560 training points
[       OK ] MERGE.merge_flat_vt (12 ms)
[----------] 1 test from MERGE (12 ms total)

[----------] Global test environment tear-down
[==========] 1 test from 1 test suite ran. (12 ms total)
[  PASSED  ] 1 test.
<end of output>
Test time =   0.04 sec
----------------------------------------------------------
Test Passed.
"MERGE.merge_flat_vt" end time: Jan 16 12:58 PST
"MERGE.merge_flat_vt" time elapsed: 00:00:00
----------------------------------------------------------

26/156 Testing: MERGE.merge_flat_ondisk
26/156 Test: MERGE.merge_flat_ondisk
Command: "/Users/bryce/Documents/GitHub/faiss/build-mps/tests/faiss_test" "--gtest_filter=MERGE.merge_flat_ondisk" "--gtest_also_run_disabled_tests"
Directory: /Users/bryce/Documents/GitHub/faiss/build-mps/tests
"MERGE.merge_flat_ondisk" start time: Jan 16 12:58 PST
Output:
----------------------------------------------------------
WARNING clustering 1000 points to 40 centroids: please provide at least 1560 training points
Running main() from /Users/bryce/Documents/GitHub/faiss/build-mps/_deps/googletest-src/googletest/src/gtest_main.cc
Note: Google Test filter = MERGE.merge_flat_ondisk
[==========] Running 1 test from 1 test suite.
[----------] Global test environment set-up.
[----------] 1 test from MERGE
[ RUN      ] MERGE.merge_flat_ondisk
resizing /tmp/faiss_tmp_Aq3geP to 512 bytes
resizing /tmp/faiss_tmp_Aq3geP to 1024 bytes
resizing /tmp/faiss_tmp_Aq3geP to 2048 bytes
resizing /tmp/faiss_tmp_Aq3geP to 4096 bytes
resizing /tmp/faiss_tmp_Aq3geP to 8192 bytes
resizing /tmp/faiss_tmp_Aq3geP to 16384 bytes
resizing /tmp/faiss_tmp_Aq3geP to 32768 bytes
resizing /tmp/faiss_tmp_Aq3geP to 65536 bytes
resizing /tmp/faiss_tmp_Aq3geP to 131072 bytes
resizing /tmp/faiss_tmp_Aq3geP to 262144 bytes
resizing /tmp/faiss_tmp_Aq3geP to 524288 bytes
resizing /tmp/faiss_tmp_Aq3geP to 1048576 bytes
[       OK ] MERGE.merge_flat_ondisk (6 ms)
[----------] 1 test from MERGE (6 ms total)

[----------] Global test environment tear-down
[==========] 1 test from 1 test suite ran. (6 ms total)
[  PASSED  ] 1 test.
<end of output>
Test time =   0.03 sec
----------------------------------------------------------
Test Passed.
"MERGE.merge_flat_ondisk" end time: Jan 16 12:58 PST
"MERGE.merge_flat_ondisk" time elapsed: 00:00:00
----------------------------------------------------------

27/156 Testing: MERGE.merge_flat_ondisk_2
27/156 Test: MERGE.merge_flat_ondisk_2
Command: "/Users/bryce/Documents/GitHub/faiss/build-mps/tests/faiss_test" "--gtest_filter=MERGE.merge_flat_ondisk_2" "--gtest_also_run_disabled_tests"
Directory: /Users/bryce/Documents/GitHub/faiss/build-mps/tests
"MERGE.merge_flat_ondisk_2" start time: Jan 16 12:58 PST
Output:
----------------------------------------------------------
WARNING clustering 1000 points to 40 centroids: please provide at least 1560 training points
Running main() from /Users/bryce/Documents/GitHub/faiss/build-mps/_deps/googletest-src/googletest/src/gtest_main.cc
Note: Google Test filter = MERGE.merge_flat_ondisk_2
[==========] Running 1 test from 1 test suite.
[----------] Global test environment set-up.
[----------] 1 test from MERGE
[ RUN      ] MERGE.merge_flat_ondisk_2
resizing /tmp/faiss_tmp_9jJfcv to 264000 bytes
[       OK ] MERGE.merge_flat_ondisk_2 (4 ms)
[----------] 1 test from MERGE (4 ms total)

[----------] Global test environment tear-down
[==========] 1 test from 1 test suite ran. (4 ms total)
[  PASSED  ] 1 test.
<end of output>
Test time =   0.03 sec
----------------------------------------------------------
Test Passed.
"MERGE.merge_flat_ondisk_2" end time: Jan 16 12:58 PST
"MERGE.merge_flat_ondisk_2" time elapsed: 00:00:00
----------------------------------------------------------

28/156 Testing: MERGE.merge_flat_ondisk_3
28/156 Test: MERGE.merge_flat_ondisk_3
Command: "/Users/bryce/Documents/GitHub/faiss/build-mps/tests/faiss_test" "--gtest_filter=MERGE.merge_flat_ondisk_3" "--gtest_also_run_disabled_tests"
Directory: /Users/bryce/Documents/GitHub/faiss/build-mps/tests
"MERGE.merge_flat_ondisk_3" start time: Jan 16 12:58 PST
Output:
----------------------------------------------------------
WARNING clustering 1000 points to 40 centroids: please provide at least 1560 training points
Running main() from /Users/bryce/Documents/GitHub/faiss/build-mps/_deps/googletest-src/googletest/src/gtest_main.cc
Note: Google Test filter = MERGE.merge_flat_ondisk_3
[==========] Running 1 test from 1 test suite.
[----------] Global test environment set-up.
[----------] 1 test from MERGE
[ RUN      ] MERGE.merge_flat_ondisk_3
resizing /tmp/faiss_tmp_Eu8fgj to 264000 bytes
[       OK ] MERGE.merge_flat_ondisk_3 (3 ms)
[----------] 1 test from MERGE (3 ms total)

[----------] Global test environment tear-down
[==========] 1 test from 1 test suite ran. (3 ms total)
[  PASSED  ] 1 test.
<end of output>
Test time =   0.03 sec
----------------------------------------------------------
Test Passed.
"MERGE.merge_flat_ondisk_3" end time: Jan 16 12:58 PST
"MERGE.merge_flat_ondisk_3" time elapsed: 00:00:00
----------------------------------------------------------

29/156 Testing: Threading.openmp
29/156 Test: Threading.openmp
Command: "/Users/bryce/Documents/GitHub/faiss/build-mps/tests/faiss_test" "--gtest_filter=Threading.openmp" "--gtest_also_run_disabled_tests"
Directory: /Users/bryce/Documents/GitHub/faiss/build-mps/tests
"Threading.openmp" start time: Jan 16 12:58 PST
Output:
----------------------------------------------------------
WARNING clustering 1000 points to 40 centroids: please provide at least 1560 training points
Running main() from /Users/bryce/Documents/GitHub/faiss/build-mps/_deps/googletest-src/googletest/src/gtest_main.cc
Note: Google Test filter = Threading.openmp
[==========] Running 1 test from 1 test suite.
[----------] Global test environment set-up.
[----------] 1 test from Threading
[ RUN      ] Threading.openmp
[       OK ] Threading.openmp (0 ms)
[----------] 1 test from Threading (0 ms total)

[----------] Global test environment tear-down
[==========] 1 test from 1 test suite ran. (0 ms total)
[  PASSED  ] 1 test.
<end of output>
Test time =   0.03 sec
----------------------------------------------------------
Test Passed.
"Threading.openmp" end time: Jan 16 12:58 PST
"Threading.openmp" time elapsed: 00:00:00
----------------------------------------------------------

30/156 Testing: ONDISK.make_invlists
30/156 Test: ONDISK.make_invlists
Command: "/Users/bryce/Documents/GitHub/faiss/build-mps/tests/faiss_test" "--gtest_filter=ONDISK.make_invlists" "--gtest_also_run_disabled_tests"
Directory: /Users/bryce/Documents/GitHub/faiss/build-mps/tests
"ONDISK.make_invlists" start time: Jan 16 12:58 PST
Output:
----------------------------------------------------------
WARNING clustering 1000 points to 40 centroids: please provide at least 1560 training points
Running main() from /Users/bryce/Documents/GitHub/faiss/build-mps/_deps/googletest-src/googletest/src/gtest_main.cc
Note: Google Test filter = ONDISK.make_invlists
[==========] Running 1 test from 1 test suite.
[----------] Global test environment set-up.
[----------] 1 test from ONDISK
[ RUN      ] ONDISK.make_invlists
resizing /tmp/faiss_tmp_CA4Xe3 to 64 bytes
resizing /tmp/faiss_tmp_CA4Xe3 to 128 bytes
resizing /tmp/faiss_tmp_CA4Xe3 to 256 bytes
resizing /tmp/faiss_tmp_CA4Xe3 to 512 bytes
resizing /tmp/faiss_tmp_CA4Xe3 to 1024 bytes
resizing /tmp/faiss_tmp_CA4Xe3 to 2048 bytes
resizing /tmp/faiss_tmp_CA4Xe3 to 4096 bytes
resizing /tmp/faiss_tmp_CA4Xe3 to 8192 bytes
resizing /tmp/faiss_tmp_CA4Xe3 to 16384 bytes
resizing /tmp/faiss_tmp_CA4Xe3 to 32768 bytes
resizing /tmp/faiss_tmp_CA4Xe3 to 65536 bytes
resizing /tmp/faiss_tmp_CA4Xe3 to 131072 bytes
resizing /tmp/faiss_tmp_CA4Xe3 to 262144 bytes
resizing /tmp/faiss_tmp_CA4Xe3 to 524288 bytes
resizing /tmp/faiss_tmp_CA4Xe3 to 1048576 bytes
resizing /tmp/faiss_tmp_CA4Xe3 to 2097152 bytes
resizing /tmp/faiss_tmp_CA4Xe3 to 4194304 bytes
resizing /tmp/faiss_tmp_CA4Xe3 to 8388608 bytes
resizing /tmp/faiss_tmp_CA4Xe3 to 16777216 bytes
resizing /tmp/faiss_tmp_CA4Xe3 to 33554432 bytes
resizing /tmp/faiss_tmp_CA4Xe3 to 67108864 bytes
resizing /tmp/faiss_tmp_CA4Xe3 to 134217728 bytes
[       OK ] ONDISK.make_invlists (871 ms)
[----------] 1 test from ONDISK (871 ms total)

[----------] Global test environment tear-down
[==========] 1 test from 1 test suite ran. (871 ms total)
[  PASSED  ] 1 test.
<end of output>
Test time =   0.90 sec
----------------------------------------------------------
Test Passed.
"ONDISK.make_invlists" end time: Jan 16 12:58 PST
"ONDISK.make_invlists" time elapsed: 00:00:00
----------------------------------------------------------

31/156 Testing: ONDISK.test_add
31/156 Test: ONDISK.test_add
Command: "/Users/bryce/Documents/GitHub/faiss/build-mps/tests/faiss_test" "--gtest_filter=ONDISK.test_add" "--gtest_also_run_disabled_tests"
Directory: /Users/bryce/Documents/GitHub/faiss/build-mps/tests
"ONDISK.test_add" start time: Jan 16 12:58 PST
Output:
----------------------------------------------------------
WARNING clustering 1000 points to 40 centroids: please provide at least 1560 training points
Running main() from /Users/bryce/Documents/GitHub/faiss/build-mps/_deps/googletest-src/googletest/src/gtest_main.cc
Note: Google Test filter = ONDISK.test_add
[==========] Running 1 test from 1 test suite.
[----------] Global test environment set-up.
[----------] 1 test from ONDISK
[ RUN      ] ONDISK.test_add
resizing /tmp/faiss_tmp_uKwQ79 to 64 bytes
resizing /tmp/faiss_tmp_uKwQ79 to 128 bytes
resizing /tmp/faiss_tmp_uKwQ79 to 256 bytes
resizing /tmp/faiss_tmp_uKwQ79 to 512 bytes
resizing /tmp/faiss_tmp_uKwQ79 to 1024 bytes
resizing /tmp/faiss_tmp_uKwQ79 to 2048 bytes
resizing /tmp/faiss_tmp_uKwQ79 to 4096 bytes
resizing /tmp/faiss_tmp_uKwQ79 to 8192 bytes
resizing /tmp/faiss_tmp_uKwQ79 to 16384 bytes
resizing /tmp/faiss_tmp_uKwQ79 to 32768 bytes
resizing /tmp/faiss_tmp_uKwQ79 to 65536 bytes
resizing /tmp/faiss_tmp_uKwQ79 to 131072 bytes
resizing /tmp/faiss_tmp_uKwQ79 to 262144 bytes
[       OK ] ONDISK.test_add (10 ms)
[----------] 1 test from ONDISK (10 ms total)

[----------] Global test environment tear-down
[==========] 1 test from 1 test suite ran. (10 ms total)
[  PASSED  ] 1 test.
<end of output>
Test time =   0.04 sec
----------------------------------------------------------
Test Passed.
"ONDISK.test_add" end time: Jan 16 12:58 PST
"ONDISK.test_add" time elapsed: 00:00:00
----------------------------------------------------------

32/156 Testing: ONDISK.make_invlists_threaded
32/156 Test: ONDISK.make_invlists_threaded
Command: "/Users/bryce/Documents/GitHub/faiss/build-mps/tests/faiss_test" "--gtest_filter=ONDISK.make_invlists_threaded" "--gtest_also_run_disabled_tests"
Directory: /Users/bryce/Documents/GitHub/faiss/build-mps/tests
"ONDISK.make_invlists_threaded" start time: Jan 16 12:58 PST
Output:
----------------------------------------------------------
WARNING clustering 1000 points to 40 centroids: please provide at least 1560 training points
Running main() from /Users/bryce/Documents/GitHub/faiss/build-mps/_deps/googletest-src/googletest/src/gtest_main.cc
Note: Google Test filter = ONDISK.make_invlists_threaded
[==========] Running 1 test from 1 test suite.
[----------] Global test environment set-up.
[----------] 1 test from ONDISK
[ RUN      ] ONDISK.make_invlists_threaded
resizing /tmp/faiss_tmp_R7x7M9 to 64 bytes
resizing /tmp/faiss_tmp_R7x7M9 to 128 bytes
resizing /tmp/faiss_tmp_R7x7M9 to 256 bytes
resizing /tmp/faiss_tmp_R7x7M9 to 512 bytes
resizing /tmp/faiss_tmp_R7x7M9 to 1024 bytes
resizing /tmp/faiss_tmp_R7x7M9 to 2048 bytes
resizing /tmp/faiss_tmp_R7x7M9 to 4096 bytes
resizing /tmp/faiss_tmp_R7x7M9 to 8192 bytes
resizing /tmp/faiss_tmp_R7x7M9 to 16384 bytes
resizing /tmp/faiss_tmp_R7x7M9 to 32768 bytes
resizing /tmp/faiss_tmp_R7x7M9 to 65536 bytes
resizing /tmp/faiss_tmp_R7x7M9 to 131072 bytes
resizing /tmp/faiss_tmp_R7x7M9 to 262144 bytes
resizing /tmp/faiss_tmp_R7x7M9 to 524288 bytes
resizing /tmp/faiss_tmp_R7x7M9 to 1048576 bytes
resizing /tmp/faiss_tmp_R7x7M9 to 2097152 bytes
resizing /tmp/faiss_tmp_R7x7M9 to 4194304 bytes
resizing /tmp/faiss_tmp_R7x7M9 to 8388608 bytes
resizing /tmp/faiss_tmp_R7x7M9 to 16777216 bytes
resizing /tmp/faiss_tmp_R7x7M9 to 33554432 bytes
resizing /tmp/faiss_tmp_R7x7M9 to 67108864 bytes
resizing /tmp/faiss_tmp_R7x7M9 to 134217728 bytes
[       OK ] ONDISK.make_invlists_threaded (1720 ms)
[----------] 1 test from ONDISK (1720 ms total)

[----------] Global test environment tear-down
[==========] 1 test from 1 test suite ran. (1720 ms total)
[  PASSED  ] 1 test.
<end of output>
Test time =   1.75 sec
----------------------------------------------------------
Test Passed.
"ONDISK.make_invlists_threaded" end time: Jan 16 12:58 PST
"ONDISK.make_invlists_threaded" time elapsed: 00:00:01
----------------------------------------------------------

33/156 Testing: testSearchCentroid.IVFFlat
33/156 Test: testSearchCentroid.IVFFlat
Command: "/Users/bryce/Documents/GitHub/faiss/build-mps/tests/faiss_test" "--gtest_filter=testSearchCentroid.IVFFlat" "--gtest_also_run_disabled_tests"
Directory: /Users/bryce/Documents/GitHub/faiss/build-mps/tests
"testSearchCentroid.IVFFlat" start time: Jan 16 12:58 PST
Output:
----------------------------------------------------------
WARNING clustering 1000 points to 40 centroids: please provide at least 1560 training points
Running main() from /Users/bryce/Documents/GitHub/faiss/build-mps/_deps/googletest-src/googletest/src/gtest_main.cc
Note: Google Test filter = testSearchCentroid.IVFFlat
[==========] Running 1 test from 1 test suite.
[----------] Global test environment set-up.
[----------] 1 test from testSearchCentroid
[ RUN      ] testSearchCentroid.IVFFlat
[       OK ] testSearchCentroid.IVFFlat (61 ms)
[----------] 1 test from testSearchCentroid (61 ms total)

[----------] Global test environment tear-down
[==========] 1 test from 1 test suite ran. (61 ms total)
[  PASSED  ] 1 test.
<end of output>
Test time =   0.09 sec
----------------------------------------------------------
Test Passed.
"testSearchCentroid.IVFFlat" end time: Jan 16 12:58 PST
"testSearchCentroid.IVFFlat" time elapsed: 00:00:00
----------------------------------------------------------

34/156 Testing: testSearchCentroid.PCAIVFFlat
34/156 Test: testSearchCentroid.PCAIVFFlat
Command: "/Users/bryce/Documents/GitHub/faiss/build-mps/tests/faiss_test" "--gtest_filter=testSearchCentroid.PCAIVFFlat" "--gtest_also_run_disabled_tests"
Directory: /Users/bryce/Documents/GitHub/faiss/build-mps/tests
"testSearchCentroid.PCAIVFFlat" start time: Jan 16 12:58 PST
Output:
----------------------------------------------------------
WARNING clustering 1000 points to 40 centroids: please provide at least 1560 training points
Running main() from /Users/bryce/Documents/GitHub/faiss/build-mps/_deps/googletest-src/googletest/src/gtest_main.cc
Note: Google Test filter = testSearchCentroid.PCAIVFFlat
[==========] Running 1 test from 1 test suite.
[----------] Global test environment set-up.
[----------] 1 test from testSearchCentroid
[ RUN      ] testSearchCentroid.PCAIVFFlat
[       OK ] testSearchCentroid.PCAIVFFlat (49 ms)
[----------] 1 test from testSearchCentroid (49 ms total)

[----------] Global test environment tear-down
[==========] 1 test from 1 test suite ran. (49 ms total)
[  PASSED  ] 1 test.
<end of output>
Test time =   0.07 sec
----------------------------------------------------------
Test Passed.
"testSearchCentroid.PCAIVFFlat" end time: Jan 16 12:58 PST
"testSearchCentroid.PCAIVFFlat" time elapsed: 00:00:00
----------------------------------------------------------

35/156 Testing: testSearchAndReturnCentroids.IVFFlat
35/156 Test: testSearchAndReturnCentroids.IVFFlat
Command: "/Users/bryce/Documents/GitHub/faiss/build-mps/tests/faiss_test" "--gtest_filter=testSearchAndReturnCentroids.IVFFlat" "--gtest_also_run_disabled_tests"
Directory: /Users/bryce/Documents/GitHub/faiss/build-mps/tests
"testSearchAndReturnCentroids.IVFFlat" start time: Jan 16 12:58 PST
Output:
----------------------------------------------------------
WARNING clustering 1000 points to 40 centroids: please provide at least 1560 training points
Running main() from /Users/bryce/Documents/GitHub/faiss/build-mps/_deps/googletest-src/googletest/src/gtest_main.cc
Note: Google Test filter = testSearchAndReturnCentroids.IVFFlat
[==========] Running 1 test from 1 test suite.
[----------] Global test environment set-up.
[----------] 1 test from testSearchAndReturnCentroids
[ RUN      ] testSearchAndReturnCentroids.IVFFlat
[       OK ] testSearchAndReturnCentroids.IVFFlat (83 ms)
[----------] 1 test from testSearchAndReturnCentroids (83 ms total)

[----------] Global test environment tear-down
[==========] 1 test from 1 test suite ran. (83 ms total)
[  PASSED  ] 1 test.
<end of output>
Test time =   0.11 sec
----------------------------------------------------------
Test Passed.
"testSearchAndReturnCentroids.IVFFlat" end time: Jan 16 12:58 PST
"testSearchAndReturnCentroids.IVFFlat" time elapsed: 00:00:00
----------------------------------------------------------

36/156 Testing: testSearchAndReturnCentroids.PCAIVFFlat
36/156 Test: testSearchAndReturnCentroids.PCAIVFFlat
Command: "/Users/bryce/Documents/GitHub/faiss/build-mps/tests/faiss_test" "--gtest_filter=testSearchAndReturnCentroids.PCAIVFFlat" "--gtest_also_run_disabled_tests"
Directory: /Users/bryce/Documents/GitHub/faiss/build-mps/tests
"testSearchAndReturnCentroids.PCAIVFFlat" start time: Jan 16 12:58 PST
Output:
----------------------------------------------------------
WARNING clustering 1000 points to 40 centroids: please provide at least 1560 training points
Running main() from /Users/bryce/Documents/GitHub/faiss/build-mps/_deps/googletest-src/googletest/src/gtest_main.cc
Note: Google Test filter = testSearchAndReturnCentroids.PCAIVFFlat
[==========] Running 1 test from 1 test suite.
[----------] Global test environment set-up.
[----------] 1 test from testSearchAndReturnCentroids
[ RUN      ] testSearchAndReturnCentroids.PCAIVFFlat
[       OK ] testSearchAndReturnCentroids.PCAIVFFlat (55 ms)
[----------] 1 test from testSearchAndReturnCentroids (55 ms total)

[----------] Global test environment tear-down
[==========] 1 test from 1 test suite ran. (55 ms total)
[  PASSED  ] 1 test.
<end of output>
Test time =   0.08 sec
----------------------------------------------------------
Test Passed.
"testSearchAndReturnCentroids.PCAIVFFlat" end time: Jan 16 12:58 PST
"testSearchAndReturnCentroids.PCAIVFFlat" time elapsed: 00:00:00
----------------------------------------------------------

37/156 Testing: TPO.IVFFlat
37/156 Test: TPO.IVFFlat
Command: "/Users/bryce/Documents/GitHub/faiss/build-mps/tests/faiss_test" "--gtest_filter=TPO.IVFFlat" "--gtest_also_run_disabled_tests"
Directory: /Users/bryce/Documents/GitHub/faiss/build-mps/tests
"TPO.IVFFlat" start time: Jan 16 12:58 PST
Output:
----------------------------------------------------------
WARNING clustering 1000 points to 40 centroids: please provide at least 1560 training points
Running main() from /Users/bryce/Documents/GitHub/faiss/build-mps/_deps/googletest-src/googletest/src/gtest_main.cc
Note: Google Test filter = TPO.IVFFlat
[==========] Running 1 test from 1 test suite.
[----------] Global test environment set-up.
[----------] 1 test from TPO
[ RUN      ] TPO.IVFFlat
WARNING clustering 1000 points to 32 centroids: please provide at least 1248 training points
WARNING clustering 1000 points to 32 centroids: please provide at least 1248 training points
[       OK ] TPO.IVFFlat (22 ms)
[----------] 1 test from TPO (22 ms total)

[----------] Global test environment tear-down
[==========] 1 test from 1 test suite ran. (22 ms total)
[  PASSED  ] 1 test.
<end of output>
Test time =   0.05 sec
----------------------------------------------------------
Test Passed.
"TPO.IVFFlat" end time: Jan 16 12:58 PST
"TPO.IVFFlat" time elapsed: 00:00:00
----------------------------------------------------------

38/156 Testing: TPO.IVFPQ
38/156 Test: TPO.IVFPQ
Command: "/Users/bryce/Documents/GitHub/faiss/build-mps/tests/faiss_test" "--gtest_filter=TPO.IVFPQ" "--gtest_also_run_disabled_tests"
Directory: /Users/bryce/Documents/GitHub/faiss/build-mps/tests
"TPO.IVFPQ" start time: Jan 16 12:58 PST
Output:
----------------------------------------------------------
WARNING clustering 1000 points to 40 centroids: please provide at least 1560 training points
Running main() from /Users/bryce/Documents/GitHub/faiss/build-mps/_deps/googletest-src/googletest/src/gtest_main.cc
Note: Google Test filter = TPO.IVFPQ
[==========] Running 1 test from 1 test suite.
[----------] Global test environment set-up.
[----------] 1 test from TPO
[ RUN      ] TPO.IVFPQ
WARNING clustering 1000 points to 32 centroids: please provide at least 1248 training points
WARNING clustering 1000 points to 256 centroids: please provide at least 9984 training points
WARNING clustering 1000 points to 256 centroids: please provide at least 9984 training points
WARNING clustering 1000 points to 256 centroids: please provide at least 9984 training points
WARNING clustering 1000 points to 256 centroids: please provide at least 9984 training points
WARNING clustering 1000 points to 256 centroids: please provide at least 9984 training points
WARNING clustering 1000 points to 256 centroids: please provide at least 9984 training points
WARNING clustering 1000 points to 256 centroids: please provide at least 9984 training points
WARNING clustering 1000 points to 256 centroids: please provide at least 9984 training points
WARNING clustering 1000 points to 32 centroids: please provide at least 1248 training points
WARNING clustering 1000 points to 256 centroids: please provide at least 9984 training points
WARNING clustering 1000 points to 256 centroids: please provide at least 9984 training points
WARNING clustering 1000 points to 256 centroids: please provide at least 9984 training points
WARNING clustering 1000 points to 256 centroids: please provide at least 9984 training points
WARNING clustering 1000 points to 256 centroids: please provide at least 9984 training points
WARNING clustering 1000 points to 256 centroids: please provide at least 9984 training points
WARNING clustering 1000 points to 256 centroids: please provide at least 9984 training points
WARNING clustering 1000 points to 256 centroids: please provide at least 9984 training points
[       OK ] TPO.IVFPQ (121 ms)
[----------] 1 test from TPO (121 ms total)

[----------] Global test environment tear-down
[==========] 1 test from 1 test suite ran. (121 ms total)
[  PASSED  ] 1 test.
<end of output>
Test time =   0.15 sec
----------------------------------------------------------
Test Passed.
"TPO.IVFPQ" end time: Jan 16 12:58 PST
"TPO.IVFPQ" time elapsed: 00:00:00
----------------------------------------------------------

39/156 Testing: TPO.IVFSQ
39/156 Test: TPO.IVFSQ
Command: "/Users/bryce/Documents/GitHub/faiss/build-mps/tests/faiss_test" "--gtest_filter=TPO.IVFSQ" "--gtest_also_run_disabled_tests"
Directory: /Users/bryce/Documents/GitHub/faiss/build-mps/tests
"TPO.IVFSQ" start time: Jan 16 12:58 PST
Output:
----------------------------------------------------------
WARNING clustering 1000 points to 40 centroids: please provide at least 1560 training points
Running main() from /Users/bryce/Documents/GitHub/faiss/build-mps/_deps/googletest-src/googletest/src/gtest_main.cc
Note: Google Test filter = TPO.IVFSQ
[==========] Running 1 test from 1 test suite.
[----------] Global test environment set-up.
[----------] 1 test from TPO
[ RUN      ] TPO.IVFSQ
WARNING clustering 1000 points to 32 centroids: please provide at least 1248 training points
WARNING clustering 1000 points to 32 centroids: please provide at least 1248 training points
[       OK ] TPO.IVFSQ (41 ms)
[----------] 1 test from TPO (41 ms total)

[----------] Global test environment tear-down
[==========] 1 test from 1 test suite ran. (41 ms total)
[  PASSED  ] 1 test.
<end of output>
Test time =   0.07 sec
----------------------------------------------------------
Test Passed.
"TPO.IVFSQ" end time: Jan 16 12:58 PST
"TPO.IVFSQ" time elapsed: 00:00:00
----------------------------------------------------------

40/156 Testing: TPO.IVFFlatPP
40/156 Test: TPO.IVFFlatPP
Command: "/Users/bryce/Documents/GitHub/faiss/build-mps/tests/faiss_test" "--gtest_filter=TPO.IVFFlatPP" "--gtest_also_run_disabled_tests"
Directory: /Users/bryce/Documents/GitHub/faiss/build-mps/tests
"TPO.IVFFlatPP" start time: Jan 16 12:58 PST
Output:
----------------------------------------------------------
WARNING clustering 1000 points to 40 centroids: please provide at least 1560 training points
Running main() from /Users/bryce/Documents/GitHub/faiss/build-mps/_deps/googletest-src/googletest/src/gtest_main.cc
Note: Google Test filter = TPO.IVFFlatPP
[==========] Running 1 test from 1 test suite.
[----------] Global test environment set-up.
[----------] 1 test from TPO
[ RUN      ] TPO.IVFFlatPP
WARNING clustering 1000 points to 32 centroids: please provide at least 1248 training points
WARNING clustering 1000 points to 32 centroids: please provide at least 1248 training points
[       OK ] TPO.IVFFlatPP (27 ms)
[----------] 1 test from TPO (27 ms total)

[----------] Global test environment tear-down
[==========] 1 test from 1 test suite ran. (27 ms total)
[  PASSED  ] 1 test.
<end of output>
Test time =   0.05 sec
----------------------------------------------------------
Test Passed.
"TPO.IVFFlatPP" end time: Jan 16 12:58 PST
"TPO.IVFFlatPP" time elapsed: 00:00:00
----------------------------------------------------------

41/156 Testing: TSEL.IVFFlat
41/156 Test: TSEL.IVFFlat
Command: "/Users/bryce/Documents/GitHub/faiss/build-mps/tests/faiss_test" "--gtest_filter=TSEL.IVFFlat" "--gtest_also_run_disabled_tests"
Directory: /Users/bryce/Documents/GitHub/faiss/build-mps/tests
"TSEL.IVFFlat" start time: Jan 16 12:58 PST
Output:
----------------------------------------------------------
WARNING clustering 1000 points to 40 centroids: please provide at least 1560 training points
Running main() from /Users/bryce/Documents/GitHub/faiss/build-mps/_deps/googletest-src/googletest/src/gtest_main.cc
Note: Google Test filter = TSEL.IVFFlat
[==========] Running 1 test from 1 test suite.
[----------] Global test environment set-up.
[----------] 1 test from TSEL
[ RUN      ] TSEL.IVFFlat
WARNING clustering 1000 points to 32 centroids: please provide at least 1248 training points
[       OK ] TSEL.IVFFlat (7 ms)
[----------] 1 test from TSEL (7 ms total)

[----------] Global test environment tear-down
[==========] 1 test from 1 test suite ran. (7 ms total)
[  PASSED  ] 1 test.
<end of output>
Test time =   0.03 sec
----------------------------------------------------------
Test Passed.
"TSEL.IVFFlat" end time: Jan 16 12:58 PST
"TSEL.IVFFlat" time elapsed: 00:00:00
----------------------------------------------------------

42/156 Testing: TSEL.IVFFPQ
42/156 Test: TSEL.IVFFPQ
Command: "/Users/bryce/Documents/GitHub/faiss/build-mps/tests/faiss_test" "--gtest_filter=TSEL.IVFFPQ" "--gtest_also_run_disabled_tests"
Directory: /Users/bryce/Documents/GitHub/faiss/build-mps/tests
"TSEL.IVFFPQ" start time: Jan 16 12:58 PST
Output:
----------------------------------------------------------
WARNING clustering 1000 points to 40 centroids: please provide at least 1560 training points
Running main() from /Users/bryce/Documents/GitHub/faiss/build-mps/_deps/googletest-src/googletest/src/gtest_main.cc
Note: Google Test filter = TSEL.IVFFPQ
[==========] Running 1 test from 1 test suite.
[----------] Global test environment set-up.
[----------] 1 test from TSEL
[ RUN      ] TSEL.IVFFPQ
WARNING clustering 1000 points to 32 centroids: please provide at least 1248 training points
WARNING clustering 1000 points to 256 centroids: please provide at least 9984 training points
WARNING clustering 1000 points to 256 centroids: please provide at least 9984 training points
WARNING clustering 1000 points to 256 centroids: please provide at least 9984 training points
WARNING clustering 1000 points to 256 centroids: please provide at least 9984 training points
[       OK ] TSEL.IVFFPQ (32 ms)
[----------] 1 test from TSEL (32 ms total)

[----------] Global test environment tear-down
[==========] 1 test from 1 test suite ran. (32 ms total)
[  PASSED  ] 1 test.
<end of output>
Test time =   0.06 sec
----------------------------------------------------------
Test Passed.
"TSEL.IVFFPQ" end time: Jan 16 12:58 PST
"TSEL.IVFFPQ" time elapsed: 00:00:00
----------------------------------------------------------

43/156 Testing: TSEL.IVFFSQ
43/156 Test: TSEL.IVFFSQ
Command: "/Users/bryce/Documents/GitHub/faiss/build-mps/tests/faiss_test" "--gtest_filter=TSEL.IVFFSQ" "--gtest_also_run_disabled_tests"
Directory: /Users/bryce/Documents/GitHub/faiss/build-mps/tests
"TSEL.IVFFSQ" start time: Jan 16 12:58 PST
Output:
----------------------------------------------------------
WARNING clustering 1000 points to 40 centroids: please provide at least 1560 training points
Running main() from /Users/bryce/Documents/GitHub/faiss/build-mps/_deps/googletest-src/googletest/src/gtest_main.cc
Note: Google Test filter = TSEL.IVFFSQ
[==========] Running 1 test from 1 test suite.
[----------] Global test environment set-up.
[----------] 1 test from TSEL
[ RUN      ] TSEL.IVFFSQ
WARNING clustering 1000 points to 32 centroids: please provide at least 1248 training points
[       OK ] TSEL.IVFFSQ (7 ms)
[----------] 1 test from TSEL (7 ms total)

[----------] Global test environment tear-down
[==========] 1 test from 1 test suite ran. (7 ms total)
[  PASSED  ] 1 test.
<end of output>
Test time =   0.03 sec
----------------------------------------------------------
Test Passed.
"TSEL.IVFFSQ" end time: Jan 16 12:58 PST
"TSEL.IVFFSQ" time elapsed: 00:00:00
----------------------------------------------------------

44/156 Testing: TPOB.IVF
44/156 Test: TPOB.IVF
Command: "/Users/bryce/Documents/GitHub/faiss/build-mps/tests/faiss_test" "--gtest_filter=TPOB.IVF" "--gtest_also_run_disabled_tests"
Directory: /Users/bryce/Documents/GitHub/faiss/build-mps/tests
"TPOB.IVF" start time: Jan 16 12:58 PST
Output:
----------------------------------------------------------
WARNING clustering 1000 points to 40 centroids: please provide at least 1560 training points
Running main() from /Users/bryce/Documents/GitHub/faiss/build-mps/_deps/googletest-src/googletest/src/gtest_main.cc
Note: Google Test filter = TPOB.IVF
[==========] Running 1 test from 1 test suite.
[----------] Global test environment set-up.
[----------] 1 test from TPOB
[ RUN      ] TPOB.IVF
WARNING clustering 1000 points to 32 centroids: please provide at least 1248 training points
[       OK ] TPOB.IVF (26 ms)
[----------] 1 test from TPOB (26 ms total)

[----------] Global test environment tear-down
[==========] 1 test from 1 test suite ran. (26 ms total)
[  PASSED  ] 1 test.
<end of output>
Test time =   0.05 sec
----------------------------------------------------------
Test Passed.
"TPOB.IVF" end time: Jan 16 12:58 PST
"TPOB.IVF" time elapsed: 00:00:00
----------------------------------------------------------

45/156 Testing: PQEncoderGeneric.encode
45/156 Test: PQEncoderGeneric.encode
Command: "/Users/bryce/Documents/GitHub/faiss/build-mps/tests/faiss_test" "--gtest_filter=PQEncoderGeneric.encode" "--gtest_also_run_disabled_tests"
Directory: /Users/bryce/Documents/GitHub/faiss/build-mps/tests
"PQEncoderGeneric.encode" start time: Jan 16 12:58 PST
Output:
----------------------------------------------------------
WARNING clustering 1000 points to 40 centroids: please provide at least 1560 training points
Running main() from /Users/bryce/Documents/GitHub/faiss/build-mps/_deps/googletest-src/googletest/src/gtest_main.cc
Note: Google Test filter = PQEncoderGeneric.encode
[==========] Running 1 test from 1 test suite.
[----------] Global test environment set-up.
[----------] 1 test from PQEncoderGeneric
[ RUN      ] PQEncoderGeneric.encode
nbits = 1
nbits = 2
nbits = 3
nbits = 4
nbits = 5
nbits = 6
nbits = 7
nbits = 8
nbits = 9
nbits = 10
nbits = 11
nbits = 12
nbits = 13
nbits = 14
nbits = 15
nbits = 16
nbits = 17
nbits = 18
nbits = 19
nbits = 20
nbits = 21
nbits = 22
nbits = 23
nbits = 24
[       OK ] PQEncoderGeneric.encode (0 ms)
[----------] 1 test from PQEncoderGeneric (0 ms total)

[----------] Global test environment tear-down
[==========] 1 test from 1 test suite ran. (0 ms total)
[  PASSED  ] 1 test.
<end of output>
Test time =   0.02 sec
----------------------------------------------------------
Test Passed.
"PQEncoderGeneric.encode" end time: Jan 16 12:58 PST
"PQEncoderGeneric.encode" time elapsed: 00:00:00
----------------------------------------------------------

46/156 Testing: PQEncoder8.encode
46/156 Test: PQEncoder8.encode
Command: "/Users/bryce/Documents/GitHub/faiss/build-mps/tests/faiss_test" "--gtest_filter=PQEncoder8.encode" "--gtest_also_run_disabled_tests"
Directory: /Users/bryce/Documents/GitHub/faiss/build-mps/tests
"PQEncoder8.encode" start time: Jan 16 12:58 PST
Output:
----------------------------------------------------------
WARNING clustering 1000 points to 40 centroids: please provide at least 1560 training points
Running main() from /Users/bryce/Documents/GitHub/faiss/build-mps/_deps/googletest-src/googletest/src/gtest_main.cc
Note: Google Test filter = PQEncoder8.encode
[==========] Running 1 test from 1 test suite.
[----------] Global test environment set-up.
[----------] 1 test from PQEncoder8
[ RUN      ] PQEncoder8.encode
[       OK ] PQEncoder8.encode (0 ms)
[----------] 1 test from PQEncoder8 (0 ms total)

[----------] Global test environment tear-down
[==========] 1 test from 1 test suite ran. (0 ms total)
[  PASSED  ] 1 test.
<end of output>
Test time =   0.02 sec
----------------------------------------------------------
Test Passed.
"PQEncoder8.encode" end time: Jan 16 12:58 PST
"PQEncoder8.encode" time elapsed: 00:00:00
----------------------------------------------------------

47/156 Testing: PQEncoder16.encode
47/156 Test: PQEncoder16.encode
Command: "/Users/bryce/Documents/GitHub/faiss/build-mps/tests/faiss_test" "--gtest_filter=PQEncoder16.encode" "--gtest_also_run_disabled_tests"
Directory: /Users/bryce/Documents/GitHub/faiss/build-mps/tests
"PQEncoder16.encode" start time: Jan 16 12:58 PST
Output:
----------------------------------------------------------
WARNING clustering 1000 points to 40 centroids: please provide at least 1560 training points
Running main() from /Users/bryce/Documents/GitHub/faiss/build-mps/_deps/googletest-src/googletest/src/gtest_main.cc
Note: Google Test filter = PQEncoder16.encode
[==========] Running 1 test from 1 test suite.
[----------] Global test environment set-up.
[----------] 1 test from PQEncoder16
[ RUN      ] PQEncoder16.encode
[       OK ] PQEncoder16.encode (0 ms)
[----------] 1 test from PQEncoder16 (0 ms total)

[----------] Global test environment tear-down
[==========] 1 test from 1 test suite ran. (0 ms total)
[  PASSED  ] 1 test.
<end of output>
Test time =   0.02 sec
----------------------------------------------------------
Test Passed.
"PQEncoder16.encode" end time: Jan 16 12:58 PST
"PQEncoder16.encode" time elapsed: 00:00:00
----------------------------------------------------------

48/156 Testing: PQFastScan.set_packed_element
48/156 Test: PQFastScan.set_packed_element
Command: "/Users/bryce/Documents/GitHub/faiss/build-mps/tests/faiss_test" "--gtest_filter=PQFastScan.set_packed_element" "--gtest_also_run_disabled_tests"
Directory: /Users/bryce/Documents/GitHub/faiss/build-mps/tests
"PQFastScan.set_packed_element" start time: Jan 16 12:58 PST
Output:
----------------------------------------------------------
WARNING clustering 1000 points to 40 centroids: please provide at least 1560 training points
Running main() from /Users/bryce/Documents/GitHub/faiss/build-mps/_deps/googletest-src/googletest/src/gtest_main.cc
Note: Google Test filter = PQFastScan.set_packed_element
[==========] Running 1 test from 1 test suite.
[----------] Global test environment set-up.
[----------] 1 test from PQFastScan
[ RUN      ] PQFastScan.set_packed_element
[       OK ] PQFastScan.set_packed_element (36 ms)
[----------] 1 test from PQFastScan (36 ms total)

[----------] Global test environment tear-down
[==========] 1 test from 1 test suite ran. (36 ms total)
[  PASSED  ] 1 test.
<end of output>
Test time =   0.06 sec
----------------------------------------------------------
Test Passed.
"PQFastScan.set_packed_element" end time: Jan 16 12:58 PST
"PQFastScan.set_packed_element" time elapsed: 00:00:00
----------------------------------------------------------

49/156 Testing: SlidingWindow.IVFFlat
49/156 Test: SlidingWindow.IVFFlat
Command: "/Users/bryce/Documents/GitHub/faiss/build-mps/tests/faiss_test" "--gtest_filter=SlidingWindow.IVFFlat" "--gtest_also_run_disabled_tests"
Directory: /Users/bryce/Documents/GitHub/faiss/build-mps/tests
"SlidingWindow.IVFFlat" start time: Jan 16 12:58 PST
Output:
----------------------------------------------------------
WARNING clustering 1000 points to 40 centroids: please provide at least 1560 training points
Running main() from /Users/bryce/Documents/GitHub/faiss/build-mps/_deps/googletest-src/googletest/src/gtest_main.cc
Note: Google Test filter = SlidingWindow.IVFFlat
[==========] Running 1 test from 1 test suite.
[----------] Global test environment set-up.
[----------] 1 test from SlidingWindow
[ RUN      ] SlidingWindow.IVFFlat
[       OK ] SlidingWindow.IVFFlat (2153 ms)
[----------] 1 test from SlidingWindow (2153 ms total)

[----------] Global test environment tear-down
[==========] 1 test from 1 test suite ran. (2153 ms total)
[  PASSED  ] 1 test.
<end of output>
Test time =   2.18 sec
----------------------------------------------------------
Test Passed.
"SlidingWindow.IVFFlat" end time: Jan 16 12:58 PST
"SlidingWindow.IVFFlat" time elapsed: 00:00:02
----------------------------------------------------------

50/156 Testing: SlidingWindow.PCAIVFFlat
50/156 Test: SlidingWindow.PCAIVFFlat
Command: "/Users/bryce/Documents/GitHub/faiss/build-mps/tests/faiss_test" "--gtest_filter=SlidingWindow.PCAIVFFlat" "--gtest_also_run_disabled_tests"
Directory: /Users/bryce/Documents/GitHub/faiss/build-mps/tests
"SlidingWindow.PCAIVFFlat" start time: Jan 16 12:58 PST
Output:
----------------------------------------------------------
WARNING clustering 1000 points to 40 centroids: please provide at least 1560 training points
Running main() from /Users/bryce/Documents/GitHub/faiss/build-mps/_deps/googletest-src/googletest/src/gtest_main.cc
Note: Google Test filter = SlidingWindow.PCAIVFFlat
[==========] Running 1 test from 1 test suite.
[----------] Global test environment set-up.
[----------] 1 test from SlidingWindow
[ RUN      ] SlidingWindow.PCAIVFFlat
[       OK ] SlidingWindow.PCAIVFFlat (2013 ms)
[----------] 1 test from SlidingWindow (2013 ms total)

[----------] Global test environment tear-down
[==========] 1 test from 1 test suite ran. (2013 ms total)
[  PASSED  ] 1 test.
<end of output>
Test time =   2.04 sec
----------------------------------------------------------
Test Passed.
"SlidingWindow.PCAIVFFlat" end time: Jan 16 12:58 PST
"SlidingWindow.PCAIVFFlat" time elapsed: 00:00:02
----------------------------------------------------------

51/156 Testing: SlidingInvlists.IVFFlat
51/156 Test: SlidingInvlists.IVFFlat
Command: "/Users/bryce/Documents/GitHub/faiss/build-mps/tests/faiss_test" "--gtest_filter=SlidingInvlists.IVFFlat" "--gtest_also_run_disabled_tests"
Directory: /Users/bryce/Documents/GitHub/faiss/build-mps/tests
"SlidingInvlists.IVFFlat" start time: Jan 16 12:58 PST
Output:
----------------------------------------------------------
[...]
Output:
----------------------------------------------------------
WARNING clustering 1000 points to 40 centroids: please provide at least 1560 training points
Running main() from /Users/bryce/Documents/GitHub/faiss/build-mps/_deps/googletest-src/googletest/src/gtest_main.cc
Note: Google Test filter = TestCallback.timeout
[==========] Running 1 test from 1 test suite.
[----------] Global test environment set-up.
[----------] 1 test from TestCallback
[ RUN      ] TestCallback.timeout
WARNING clustering 20000 points to 5000 centroids: please provide at least 195000 training points
[       OK ] TestCallback.timeout (164 ms)
[----------] 1 test from TestCallback (164 ms total)

[----------] Global test environment tear-down
[==========] 1 test from 1 test suite ran. (164 ms total)
[  PASSED  ] 1 test.
<end of output>
Test time =   0.19 sec
----------------------------------------------------------
Test Passed.
"TestCallback.timeout" end time: Jan 16 12:58 PST
"TestCallback.timeout" time elapsed: 00:00:00
----------------------------------------------------------

144/156 Testing: TestUtils.get_version
144/156 Test: TestUtils.get_version
Command: "/Users/bryce/Documents/GitHub/faiss/build-mps/tests/faiss_test" "--gtest_filter=TestUtils.get_version" "--gtest_also_run_disabled_tests"
Directory: /Users/bryce/Documents/GitHub/faiss/build-mps/tests
"TestUtils.get_version" start time: Jan 16 12:58 PST
Output:
----------------------------------------------------------
WARNING clustering 1000 points to 40 centroids: please provide at least 1560 training points
Running main() from /Users/bryce/Documents/GitHub/faiss/build-mps/_deps/googletest-src/googletest/src/gtest_main.cc
Note: Google Test filter = TestUtils.get_version
[==========] Running 1 test from 1 test suite.
[----------] Global test environment set-up.
[----------] 1 test from TestUtils
[ RUN      ] TestUtils.get_version
[       OK ] TestUtils.get_version (0 ms)
[----------] 1 test from TestUtils (0 ms total)

[----------] Global test environment tear-down
[==========] 1 test from 1 test suite ran. (0 ms total)
[  PASSED  ] 1 test.
<end of output>
Test time =   0.03 sec
----------------------------------------------------------
Test Passed.
"TestUtils.get_version" end time: Jan 16 12:58 PST
"TestUtils.get_version" time elapsed: 00:00:00
----------------------------------------------------------

145/156 Testing: TestHamming.test_crosshamming_count_thres
145/156 Test: TestHamming.test_crosshamming_count_thres
Command: "/Users/bryce/Documents/GitHub/faiss/build-mps/tests/faiss_test" "--gtest_filter=TestHamming.test_crosshamming_count_thres" "--gtest_also_run_disabled_tests"
Directory: /Users/bryce/Documents/GitHub/faiss/build-mps/tests
"TestHamming.test_crosshamming_count_thres" start time: Jan 16 12:58 PST
Output:
----------------------------------------------------------
WARNING clustering 1000 points to 40 centroids: please provide at least 1560 training points
Running main() from /Users/bryce/Documents/GitHub/faiss/build-mps/_deps/googletest-src/googletest/src/gtest_main.cc
Note: Google Test filter = TestHamming.test_crosshamming_count_thres
[==========] Running 1 test from 1 test suite.
[----------] Global test environment set-up.
[----------] 1 test from TestHamming
[ RUN      ] TestHamming.test_crosshamming_count_thres
[       OK ] TestHamming.test_crosshamming_count_thres (0 ms)
[----------] 1 test from TestHamming (0 ms total)

[----------] Global test environment tear-down
[==========] 1 test from 1 test suite ran. (0 ms total)
[  PASSED  ] 1 test.
<end of output>
Test time =   0.02 sec
----------------------------------------------------------
Test Passed.
"TestHamming.test_crosshamming_count_thres" end time: Jan 16 12:58 PST
"TestHamming.test_crosshamming_count_thres" time elapsed: 00:00:00
----------------------------------------------------------

146/156 Testing: TestHamming.test_hamming_thres
146/156 Test: TestHamming.test_hamming_thres
Command: "/Users/bryce/Documents/GitHub/faiss/build-mps/tests/faiss_test" "--gtest_filter=TestHamming.test_hamming_thres" "--gtest_also_run_disabled_tests"
Directory: /Users/bryce/Documents/GitHub/faiss/build-mps/tests
"TestHamming.test_hamming_thres" start time: Jan 16 12:58 PST
Output:
----------------------------------------------------------
WARNING clustering 1000 points to 40 centroids: please provide at least 1560 training points
Running main() from /Users/bryce/Documents/GitHub/faiss/build-mps/_deps/googletest-src/googletest/src/gtest_main.cc
Note: Google Test filter = TestHamming.test_hamming_thres
[==========] Running 1 test from 1 test suite.
[----------] Global test environment set-up.
[----------] 1 test from TestHamming
[ RUN      ] TestHamming.test_hamming_thres
[       OK ] TestHamming.test_hamming_thres (0 ms)
[----------] 1 test from TestHamming (0 ms total)

[----------] Global test environment tear-down
[==========] 1 test from 1 test suite ran. (0 ms total)
[  PASSED  ] 1 test.
<end of output>
Test time =   0.02 sec
----------------------------------------------------------
Test Passed.
"TestHamming.test_hamming_thres" end time: Jan 16 12:58 PST
"TestHamming.test_hamming_thres" time elapsed: 00:00:00
----------------------------------------------------------

147/156 Testing: TestHamming.test_hamming_knn
147/156 Test: TestHamming.test_hamming_knn
Command: "/Users/bryce/Documents/GitHub/faiss/build-mps/tests/faiss_test" "--gtest_filter=TestHamming.test_hamming_knn" "--gtest_also_run_disabled_tests"
Directory: /Users/bryce/Documents/GitHub/faiss/build-mps/tests
"TestHamming.test_hamming_knn" start time: Jan 16 12:58 PST
Output:
----------------------------------------------------------
WARNING clustering 1000 points to 40 centroids: please provide at least 1560 training points
Running main() from /Users/bryce/Documents/GitHub/faiss/build-mps/_deps/googletest-src/googletest/src/gtest_main.cc
Note: Google Test filter = TestHamming.test_hamming_knn
[==========] Running 1 test from 1 test suite.
[----------] Global test environment set-up.
[----------] 1 test from TestHamming
[ RUN      ] TestHamming.test_hamming_knn
[       OK ] TestHamming.test_hamming_knn (1 ms)
[----------] 1 test from TestHamming (1 ms total)

[----------] Global test environment tear-down
[==========] 1 test from 1 test suite ran. (1 ms total)
[  PASSED  ] 1 test.
<end of output>
Test time =   0.03 sec
----------------------------------------------------------
Test Passed.
"TestHamming.test_hamming_knn" end time: Jan 16 12:58 PST
"TestHamming.test_hamming_knn" time elapsed: 00:00:00
----------------------------------------------------------

148/156 Testing: TestMmap.mmap_flatcodes
148/156 Test: TestMmap.mmap_flatcodes
Command: "/Users/bryce/Documents/GitHub/faiss/build-mps/tests/faiss_test" "--gtest_filter=TestMmap.mmap_flatcodes" "--gtest_also_run_disabled_tests"
Directory: /Users/bryce/Documents/GitHub/faiss/build-mps/tests
"TestMmap.mmap_flatcodes" start time: Jan 16 12:58 PST
Output:
----------------------------------------------------------
WARNING clustering 1000 points to 40 centroids: please provide at least 1560 training points
Running main() from /Users/bryce/Documents/GitHub/faiss/build-mps/_deps/googletest-src/googletest/src/gtest_main.cc
Note: Google Test filter = TestMmap.mmap_flatcodes
[==========] Running 1 test from 1 test suite.
[----------] Global test environment set-up.
[----------] 1 test from TestMmap
[ RUN      ] TestMmap.mmap_flatcodes
/Users/bryce/Documents/GitHub/faiss/tests/test_mmap.cpp:67: Skipped
Skipping mmap tests on macOS (not implemented).
[  SKIPPED ] TestMmap.mmap_flatcodes (0 ms)
[----------] 1 test from TestMmap (0 ms total)

[----------] Global test environment tear-down
[==========] 1 test from 1 test suite ran. (0 ms total)
[  PASSED  ] 0 tests.
[  SKIPPED ] 1 test, listed below:
[  SKIPPED ] TestMmap.mmap_flatcodes
<end of output>
Test time =   0.02 sec
----------------------------------------------------------
Test Pass Reason:
Skip regular expression found in output. Regex=[\[  SKIPPED \]]
"TestMmap.mmap_flatcodes" end time: Jan 16 12:58 PST
"TestMmap.mmap_flatcodes" time elapsed: 00:00:00
----------------------------------------------------------

149/156 Testing: TestMmap.mmap_binary_flatcodes
149/156 Test: TestMmap.mmap_binary_flatcodes
Command: "/Users/bryce/Documents/GitHub/faiss/build-mps/tests/faiss_test" "--gtest_filter=TestMmap.mmap_binary_flatcodes" "--gtest_also_run_disabled_tests"
Directory: /Users/bryce/Documents/GitHub/faiss/build-mps/tests
"TestMmap.mmap_binary_flatcodes" start time: Jan 16 12:58 PST
Output:
----------------------------------------------------------
WARNING clustering 1000 points to 40 centroids: please provide at least 1560 training points
Running main() from /Users/bryce/Documents/GitHub/faiss/build-mps/_deps/googletest-src/googletest/src/gtest_main.cc
Note: Google Test filter = TestMmap.mmap_binary_flatcodes
[==========] Running 1 test from 1 test suite.
[----------] Global test environment set-up.
[----------] 1 test from TestMmap
[ RUN      ] TestMmap.mmap_binary_flatcodes
/Users/bryce/Documents/GitHub/faiss/tests/test_mmap.cpp:174: Skipped
Skipping mmap tests on macOS (not implemented).
[  SKIPPED ] TestMmap.mmap_binary_flatcodes (0 ms)
[----------] 1 test from TestMmap (0 ms total)

[----------] Global test environment tear-down
[==========] 1 test from 1 test suite ran. (0 ms total)
[  PASSED  ] 0 tests.
[  SKIPPED ] 1 test, listed below:
[  SKIPPED ] TestMmap.mmap_binary_flatcodes
<end of output>
Test time =   0.02 sec
----------------------------------------------------------
Test Pass Reason:
Skip regular expression found in output. Regex=[\[  SKIPPED \]]
"TestMmap.mmap_binary_flatcodes" end time: Jan 16 12:58 PST
"TestMmap.mmap_binary_flatcodes" time elapsed: 00:00:00
----------------------------------------------------------

150/156 Testing: TestZeroCopy.zerocopy_flatcodes
150/156 Test: TestZeroCopy.zerocopy_flatcodes
Command: "/Users/bryce/Documents/GitHub/faiss/build-mps/tests/faiss_test" "--gtest_filter=TestZeroCopy.zerocopy_flatcodes" "--gtest_also_run_disabled_tests"
Directory: /Users/bryce/Documents/GitHub/faiss/build-mps/tests
"TestZeroCopy.zerocopy_flatcodes" start time: Jan 16 12:58 PST
Output:
----------------------------------------------------------
WARNING clustering 1000 points to 40 centroids: please provide at least 1560 training points
Running main() from /Users/bryce/Documents/GitHub/faiss/build-mps/_deps/googletest-src/googletest/src/gtest_main.cc
Note: Google Test filter = TestZeroCopy.zerocopy_flatcodes
[==========] Running 1 test from 1 test suite.
[----------] Global test environment set-up.
[----------] 1 test from TestZeroCopy
[ RUN      ] TestZeroCopy.zerocopy_flatcodes
[       OK ] TestZeroCopy.zerocopy_flatcodes (7 ms)
[----------] 1 test from TestZeroCopy (7 ms total)

[----------] Global test environment tear-down
[==========] 1 test from 1 test suite ran. (7 ms total)
[  PASSED  ] 1 test.
<end of output>
Test time =   0.03 sec
----------------------------------------------------------
Test Passed.
"TestZeroCopy.zerocopy_flatcodes" end time: Jan 16 12:58 PST
"TestZeroCopy.zerocopy_flatcodes" time elapsed: 00:00:00
----------------------------------------------------------

151/156 Testing: TestZeroCopy.zerocopy_binary_flatcodes
151/156 Test: TestZeroCopy.zerocopy_binary_flatcodes
Command: "/Users/bryce/Documents/GitHub/faiss/build-mps/tests/faiss_test" "--gtest_filter=TestZeroCopy.zerocopy_binary_flatcodes" "--gtest_also_run_disabled_tests"
Directory: /Users/bryce/Documents/GitHub/faiss/build-mps/tests
"TestZeroCopy.zerocopy_binary_flatcodes" start time: Jan 16 12:58 PST
Output:
----------------------------------------------------------
WARNING clustering 1000 points to 40 centroids: please provide at least 1560 training points
Running main() from /Users/bryce/Documents/GitHub/faiss/build-mps/_deps/googletest-src/googletest/src/gtest_main.cc
Note: Google Test filter = TestZeroCopy.zerocopy_binary_flatcodes
[==========] Running 1 test from 1 test suite.
[----------] Global test environment set-up.
[----------] 1 test from TestZeroCopy
[ RUN      ] TestZeroCopy.zerocopy_binary_flatcodes
[       OK ] TestZeroCopy.zerocopy_binary_flatcodes (1 ms)
[----------] 1 test from TestZeroCopy (1 ms total)

[----------] Global test environment tear-down
[==========] 1 test from 1 test suite ran. (1 ms total)
[  PASSED  ] 1 test.
<end of output>
Test time =   0.03 sec
----------------------------------------------------------
Test Passed.
"TestZeroCopy.zerocopy_binary_flatcodes" end time: Jan 16 12:58 PST
"TestZeroCopy.zerocopy_binary_flatcodes" time elapsed: 00:00:00
----------------------------------------------------------

152/156 Testing: MpsIndexFlat.BasicSearchL2
152/156 Test: MpsIndexFlat.BasicSearchL2
Command: "/Users/bryce/Documents/GitHub/faiss/build-mps/faiss/gpu/test/TestMpsIndexFlat" "--gtest_filter=MpsIndexFlat.BasicSearchL2" "--gtest_also_run_disabled_tests"
Directory: /Users/bryce/Documents/GitHub/faiss/build-mps/faiss/gpu/test
"MpsIndexFlat.BasicSearchL2" start time: Jan 16 12:58 PST
Output:
----------------------------------------------------------
Running main() from /Users/bryce/Documents/GitHub/faiss/build-mps/_deps/googletest-src/googletest/src/gtest_main.cc
Note: Google Test filter = MpsIndexFlat.BasicSearchL2
[==========] Running 1 test from 1 test suite.
[----------] Global test environment set-up.
[----------] 1 test from MpsIndexFlat
[ RUN      ] MpsIndexFlat.BasicSearchL2
[       OK ] MpsIndexFlat.BasicSearchL2 (28 ms)
[----------] 1 test from MpsIndexFlat (28 ms total)

[----------] Global test environment tear-down
[==========] 1 test from 1 test suite ran. (28 ms total)
[  PASSED  ] 1 test.
<end of output>
Test time =   0.04 sec
----------------------------------------------------------
Test Passed.
"MpsIndexFlat.BasicSearchL2" end time: Jan 16 12:58 PST
"MpsIndexFlat.BasicSearchL2" time elapsed: 00:00:00
----------------------------------------------------------

153/156 Testing: MpsIndexBinaryFlat.BasicSearch
153/156 Test: MpsIndexBinaryFlat.BasicSearch
Command: "/Users/bryce/Documents/GitHub/faiss/build-mps/faiss/gpu/test/TestMpsIndexBinaryFlat" "--gtest_filter=MpsIndexBinaryFlat.BasicSearch" "--gtest_also_run_disabled_tests"
Directory: /Users/bryce/Documents/GitHub/faiss/build-mps/faiss/gpu/test
"MpsIndexBinaryFlat.BasicSearch" start time: Jan 16 12:58 PST
Output:
----------------------------------------------------------
Running main() from /Users/bryce/Documents/GitHub/faiss/build-mps/_deps/googletest-src/googletest/src/gtest_main.cc
Note: Google Test filter = MpsIndexBinaryFlat.BasicSearch
[==========] Running 1 test from 1 test suite.
[----------] Global test environment set-up.
[----------] 1 test from MpsIndexBinaryFlat
[ RUN      ] MpsIndexBinaryFlat.BasicSearch
[       OK ] MpsIndexBinaryFlat.BasicSearch (1 ms)
[----------] 1 test from MpsIndexBinaryFlat (1 ms total)

[----------] Global test environment tear-down
[==========] 1 test from 1 test suite ran. (1 ms total)
[  PASSED  ] 1 test.
<end of output>
Test time =   0.01 sec
----------------------------------------------------------
Test Passed.
"MpsIndexBinaryFlat.BasicSearch" end time: Jan 16 12:58 PST
"MpsIndexBinaryFlat.BasicSearch" time elapsed: 00:00:00
----------------------------------------------------------

154/156 Testing: MpsKnn.BruteForceL2
154/156 Test: MpsKnn.BruteForceL2
Command: "/Users/bryce/Documents/GitHub/faiss/build-mps/faiss/gpu/test/TestMpsKnn" "--gtest_filter=MpsKnn.BruteForceL2" "--gtest_also_run_disabled_tests"
Directory: /Users/bryce/Documents/GitHub/faiss/build-mps/faiss/gpu/test
"MpsKnn.BruteForceL2" start time: Jan 16 12:58 PST
Output:
----------------------------------------------------------
Running main() from /Users/bryce/Documents/GitHub/faiss/build-mps/_deps/googletest-src/googletest/src/gtest_main.cc
Note: Google Test filter = MpsKnn.BruteForceL2
[==========] Running 1 test from 1 test suite.
[----------] Global test environment set-up.
[----------] 1 test from MpsKnn
[ RUN      ] MpsKnn.BruteForceL2
[       OK ] MpsKnn.BruteForceL2 (26 ms)
[----------] 1 test from MpsKnn (26 ms total)

[----------] Global test environment tear-down
[==========] 1 test from 1 test suite ran. (26 ms total)
[  PASSED  ] 1 test.
<end of output>
Test time =   0.03 sec
----------------------------------------------------------
Test Passed.
"MpsKnn.BruteForceL2" end time: Jan 16 12:58 PST
"MpsKnn.BruteForceL2" time elapsed: 00:00:00
----------------------------------------------------------

155/156 Testing: MpsIndexIVFFlat.BasicSearch
155/156 Test: MpsIndexIVFFlat.BasicSearch
Command: "/Users/bryce/Documents/GitHub/faiss/build-mps/faiss/gpu/test/TestMpsIndexIVFFlat" "--gtest_filter=MpsIndexIVFFlat.BasicSearch" "--gtest_also_run_disabled_tests"
Directory: /Users/bryce/Documents/GitHub/faiss/build-mps/faiss/gpu/test
"MpsIndexIVFFlat.BasicSearch" start time: Jan 16 12:58 PST
Output:
----------------------------------------------------------
Running main() from /Users/bryce/Documents/GitHub/faiss/build-mps/_deps/googletest-src/googletest/src/gtest_main.cc
Note: Google Test filter = MpsIndexIVFFlat.BasicSearch
[==========] Running 1 test from 1 test suite.
[----------] Global test environment set-up.
[----------] 1 test from MpsIndexIVFFlat
[ RUN      ] MpsIndexIVFFlat.BasicSearch
WARNING clustering 64 points to 8 centroids: please provide at least 312 training points
WARNING clustering 64 points to 8 centroids: please provide at least 312 training points
[       OK ] MpsIndexIVFFlat.BasicSearch (123 ms)
[----------] 1 test from MpsIndexIVFFlat (123 ms total)

[----------] Global test environment tear-down
[==========] 1 test from 1 test suite ran. (123 ms total)
[  PASSED  ] 1 test.
<end of output>
Test time =   0.14 sec
----------------------------------------------------------
Test Passed.
"MpsIndexIVFFlat.BasicSearch" end time: Jan 16 12:58 PST
"MpsIndexIVFFlat.BasicSearch" time elapsed: 00:00:00
----------------------------------------------------------

156/156 Testing: MpsIndexIVFPQ.BasicSearch
156/156 Test: MpsIndexIVFPQ.BasicSearch
Command: "/Users/bryce/Documents/GitHub/faiss/build-mps/faiss/gpu/test/TestMpsIndexIVFPQ" "--gtest_filter=MpsIndexIVFPQ.BasicSearch" "--gtest_also_run_disabled_tests"
Directory: /Users/bryce/Documents/GitHub/faiss/build-mps/faiss/gpu/test
"MpsIndexIVFPQ.BasicSearch" start time: Jan 16 12:58 PST
Output:
----------------------------------------------------------
Running main() from /Users/bryce/Documents/GitHub/faiss/build-mps/_deps/googletest-src/googletest/src/gtest_main.cc
Note: Google Test filter = MpsIndexIVFPQ.BasicSearch
[==========] Running 1 test from 1 test suite.
[----------] Global test environment set-up.
[----------] 1 test from MpsIndexIVFPQ
[ RUN      ] MpsIndexIVFPQ.BasicSearch
WARNING clustering 128 points to 8 centroids: please provide at least 312 training points
WARNING clustering 128 points to 16 centroids: please provide at least 624 training points
WARNING clustering 128 points to 16 centroids: please provide at least 624 training points
WARNING clustering 128 points to 8 centroids: please provide at least 312 training points
WARNING clustering 128 points to 16 centroids: please provide at least 624 training points
WARNING clustering 128 points to 16 centroids: please provide at least 624 training points
[       OK ] MpsIndexIVFPQ.BasicSearch (142 ms)
[----------] 1 test from MpsIndexIVFPQ (142 ms total)

[----------] Global test environment tear-down
[==========] 1 test from 1 test suite ran. (142 ms total)
[  PASSED  ] 1 test.
<end of output>
Test time =   0.15 sec
----------------------------------------------------------
Test Passed.
"MpsIndexIVFPQ.BasicSearch" end time: Jan 16 12:58 PST
"MpsIndexIVFPQ.BasicSearch" time elapsed: 00:00:00
----------------------------------------------------------

End testing: Jan 16 12:58 PST
